2023-07-13 14:10:28,166   WARNING  obico.app - auth_token not configured. Retry after 2s
2023-07-13 14:10:30,171   WARNING  obico.app - auth_token not configured. Retry after 2s
2023-07-13 14:10:32,178   WARNING  obico.app - auth_token not configured. Retry after 2s
2023-07-13 14:10:34,184   WARNING  obico.app - auth_token not configured. Retry after 2s
2023-07-13 14:10:36,191   WARNING  obico.app - auth_token not configured. Retry after 2s
2023-07-13 14:10:38,197   WARNING  obico.app - auth_token not configured. Retry after 2s
2023-07-13 14:10:40,203   WARNING  obico.app - auth_token not configured. Retry after 2s
2023-07-13 14:10:42,208   WARNING  obico.app - auth_token not configured. Retry after 2s
2023-07-13 14:10:44,212   WARNING  obico.app - auth_token not configured. Retry after 2s
2023-07-13 14:10:46,219   WARNING  obico.app - auth_token not configured. Retry after 2s
2023-07-13 14:10:47,434      INFO  obico.app - starting moonraker-obico (v1.4.6)
2023-07-13 14:10:47,434      INFO  obico.app - Fetching linked printer...
2023-07-13 14:10:47,461      INFO  obico.app - Linked printer: {'is_pro': True, 'id': 3, 'name': 'My Awesome Cloud Printer'}
2023-07-13 14:10:47,493   WARNING  obico.moonraker_conn - api key is unset, trying to fetch one
2023-07-13 14:10:47,499      INFO  obico.janus - Starting webcam streamer
2023-07-13 14:10:47,506      INFO  obico.webcam_stream - Trying to start ffmpeg using camera-streamer H.264 source
2023-07-13 14:10:47,528      INFO  obico.moonraker_conn - connection is open
2023-07-13 14:10:47,543      INFO  backoff - Backing off wait_for_klippy_ready(...) for 0.2s (False)
2023-07-13 14:10:47,787      INFO  backoff - Backing off wait_for_klippy_ready(...) for 1.1s (False)
2023-07-13 14:10:47,989     ERROR  obico.webcam_stream - STDOUT:
None
STDERR:
b'http://127.0.0.1:8080/video.mp4: Server returned 404 Not Found\n'

2023-07-13 14:10:47,990      INFO  obico.webcam_stream - No camera-stream H.264 source found. Continue to legacy streaming: ffmpeg failed! Exit code: 1
2023-07-13 14:10:48,503      INFO  backoff - Backing off wait_for_janus(...) for 0.1s (ConnectionRefusedError: [Errno 111] Connection refused)
2023-07-13 14:10:48,858      INFO  backoff - Backing off wait_for_klippy_ready(...) for 0.5s (False)
2023-07-13 14:10:49,386      INFO  backoff - Backing off wait_for_klippy_ready(...) for 1.3s (False)
2023-07-13 14:10:49,588      INFO  backoff - Backing off wait_for_janus(...) for 0.0s (ConnectionRefusedError: [Errno 111] Connection refused)
2023-07-13 14:10:50,625      INFO  backoff - Backing off wait_for_janus(...) for 3.0s (ConnectionRefusedError: [Errno 111] Connection refused)
2023-07-13 14:10:50,713      INFO  backoff - Backing off wait_for_klippy_ready(...) for 9.4s (False)
2023-07-13 14:11:00,119      INFO  backoff - Backing off wait_for_klippy_ready(...) for 23.3s (False)
2023-07-13 14:11:23,436      INFO  backoff - Backing off wait_for_klippy_ready(...) for 30.4s (False)
2023-07-13 14:11:53,878      INFO  backoff - Backing off wait_for_klippy_ready(...) for 9.2s (False)
2023-07-13 14:12:03,075      INFO  backoff - Backing off wait_for_klippy_ready(...) for 58.7s (False)
2023-07-13 14:13:01,848      INFO  backoff - Backing off wait_for_klippy_ready(...) for 43.5s (False)
2023-07-13 14:13:45,365      INFO  backoff - Backing off wait_for_klippy_ready(...) for 24.8s (False)
2023-07-13 14:14:10,164      INFO  backoff - Backing off wait_for_klippy_ready(...) for 8.5s (False)
2023-07-13 14:14:18,663      INFO  backoff - Backing off wait_for_klippy_ready(...) for 13.1s (False)
2023-07-13 14:14:31,792      INFO  backoff - Backing off wait_for_klippy_ready(...) for 8.9s (False)
2023-07-13 14:14:40,705      INFO  backoff - Backing off wait_for_klippy_ready(...) for 26.1s (False)
2023-07-13 14:15:06,879      INFO  backoff - Backing off wait_for_klippy_ready(...) for 15.7s (False)
2023-07-13 14:15:22,576      INFO  backoff - Backing off wait_for_klippy_ready(...) for 56.2s (False)
2023-07-13 14:16:17,349      INFO  obico.app - starting moonraker-obico (v1.4.6)
2023-07-13 14:16:17,358      INFO  obico.app - Fetching linked printer...
2023-07-13 14:16:17,398      INFO  obico.app - Linked printer: {'is_pro': True, 'id': 3, 'name': 'Voron Green'}
2023-07-13 14:16:23,541      INFO  obico.app - starting moonraker-obico (v1.4.6)
2023-07-13 14:16:23,541      INFO  obico.app - Fetching linked printer...
2023-07-13 14:16:23,557      INFO  obico.app - Linked printer: {'is_pro': True, 'id': 3, 'name': 'Voron Green'}
2023-07-13 14:16:23,616   WARNING  obico.moonraker_conn - api key is unset, trying to fetch one
2023-07-13 14:16:23,623      INFO  obico.janus - Starting webcam streamer
2023-07-13 14:16:23,627      INFO  obico.webcam_stream - Trying to start ffmpeg using camera-streamer H.264 source
2023-07-13 14:16:23,647      INFO  obico.moonraker_conn - connection is open
2023-07-13 14:16:23,668      INFO  backoff - Backing off wait_for_klippy_ready(...) for 0.8s (False)
2023-07-13 14:16:24,505      INFO  backoff - Backing off wait_for_klippy_ready(...) for 1.8s (False)
2023-07-13 14:16:24,633      INFO  backoff - Backing off wait_for_janus(...) for 0.4s (ConnectionRefusedError: [Errno 111] Connection refused)
2023-07-13 14:16:25,565     ERROR  obico.webcam_stream - STDOUT:
None
STDERR:
b'http://127.0.0.1:8080/video.mp4: Server returned 404 Not Found\n'

2023-07-13 14:16:25,566      INFO  obico.webcam_stream - No camera-stream H.264 source found. Continue to legacy streaming: ffmpeg failed! Exit code: 1
2023-07-13 14:16:26,045      INFO  backoff - Backing off wait_for_janus(...) for 0.1s (ConnectionRefusedError: [Errno 111] Connection refused)
2023-07-13 14:16:26,335      INFO  backoff - Backing off wait_for_klippy_ready(...) for 2.9s (False)
2023-07-13 14:16:27,143      INFO  backoff - Backing off wait_for_janus(...) for 1.6s (ConnectionRefusedError: [Errno 111] Connection refused)
2023-07-13 14:16:29,217      INFO  backoff - Backing off wait_for_klippy_ready(...) for 1.2s (False)
2023-07-13 14:16:30,428      INFO  backoff - Backing off wait_for_klippy_ready(...) for 14.2s (False)
2023-07-13 14:16:44,684      INFO  backoff - Backing off wait_for_klippy_ready(...) for 25.8s (False)
2023-07-13 14:17:10,537      INFO  backoff - Backing off wait_for_klippy_ready(...) for 30.5s (False)
2023-07-13 14:17:41,114      INFO  backoff - Backing off wait_for_klippy_ready(...) for 42.3s (False)
2023-07-13 14:18:23,488      INFO  backoff - Backing off wait_for_klippy_ready(...) for 19.4s (False)
2023-07-13 14:18:42,891      INFO  backoff - Backing off wait_for_klippy_ready(...) for 31.7s (False)
2023-07-13 14:19:14,611      INFO  backoff - Backing off wait_for_klippy_ready(...) for 8.7s (False)
2023-07-13 14:19:23,299      INFO  backoff - Backing off wait_for_klippy_ready(...) for 20.3s (False)
2023-07-13 14:19:43,586      INFO  backoff - Backing off wait_for_klippy_ready(...) for 24.5s (False)
2023-07-13 14:20:08,112      INFO  backoff - Backing off wait_for_klippy_ready(...) for 37.3s (False)
2023-07-13 14:20:45,457      INFO  backoff - Backing off wait_for_klippy_ready(...) for 42.6s (False)
2023-07-13 14:21:28,070      INFO  backoff - Backing off wait_for_klippy_ready(...) for 15.2s (False)
2023-07-13 14:21:43,303      INFO  backoff - Backing off wait_for_klippy_ready(...) for 53.3s (False)
2023-07-13 14:22:36,706      INFO  backoff - Backing off wait_for_klippy_ready(...) for 2.0s (False)
2023-07-13 14:22:38,691      INFO  backoff - Backing off wait_for_klippy_ready(...) for 36.1s (False)
2023-07-13 14:23:14,801      INFO  backoff - Backing off wait_for_klippy_ready(...) for 29.8s (False)
2023-07-13 14:23:44,679      INFO  backoff - Backing off wait_for_klippy_ready(...) for 15.8s (False)
2023-07-13 14:24:00,542      INFO  backoff - Backing off wait_for_klippy_ready(...) for 15.7s (False)
2023-07-13 14:24:16,254      INFO  backoff - Backing off wait_for_klippy_ready(...) for 37.0s (False)
2023-07-13 14:24:53,313      INFO  backoff - Backing off wait_for_klippy_ready(...) for 28.2s (False)
2023-07-13 14:25:21,518      INFO  backoff - Backing off wait_for_klippy_ready(...) for 13.3s (False)
2023-07-13 14:25:34,891      INFO  backoff - Backing off wait_for_klippy_ready(...) for 1.4s (False)
2023-07-13 14:25:36,275      INFO  backoff - Backing off wait_for_klippy_ready(...) for 38.3s (False)
2023-07-13 14:26:14,621      INFO  backoff - Backing off wait_for_klippy_ready(...) for 24.0s (False)
2023-07-13 14:26:38,636      INFO  backoff - Backing off wait_for_klippy_ready(...) for 39.0s (False)
2023-07-13 14:27:17,739      INFO  backoff - Backing off wait_for_klippy_ready(...) for 21.9s (False)
2023-07-13 14:27:39,651      INFO  backoff - Backing off wait_for_klippy_ready(...) for 37.4s (False)
2023-07-13 14:28:17,060      INFO  backoff - Backing off wait_for_klippy_ready(...) for 3.3s (False)
2023-07-13 14:28:20,414      INFO  backoff - Backing off wait_for_klippy_ready(...) for 45.3s (False)
2023-07-13 14:29:05,747      INFO  backoff - Backing off wait_for_klippy_ready(...) for 47.9s (False)
2023-07-13 14:29:53,721      INFO  backoff - Backing off wait_for_klippy_ready(...) for 10.5s (False)
2023-07-13 14:30:04,267      INFO  backoff - Backing off wait_for_klippy_ready(...) for 47.7s (False)
2023-07-13 14:30:52,025      INFO  backoff - Backing off wait_for_klippy_ready(...) for 18.9s (False)
2023-07-13 14:31:10,984      INFO  backoff - Backing off wait_for_klippy_ready(...) for 8.7s (False)
2023-07-13 14:31:19,704      INFO  backoff - Backing off wait_for_klippy_ready(...) for 39.2s (False)
2023-07-13 14:31:58,956      INFO  backoff - Backing off wait_for_klippy_ready(...) for 36.7s (False)
2023-07-13 14:32:35,657      INFO  backoff - Backing off wait_for_klippy_ready(...) for 40.3s (False)
2023-07-13 14:33:16,031      INFO  backoff - Backing off wait_for_klippy_ready(...) for 30.5s (False)
2023-07-13 14:33:46,558      INFO  backoff - Backing off wait_for_klippy_ready(...) for 13.3s (False)
2023-07-13 14:33:59,849      INFO  backoff - Backing off wait_for_klippy_ready(...) for 50.3s (False)
2023-07-13 14:34:50,209      INFO  backoff - Backing off wait_for_klippy_ready(...) for 52.0s (False)
2023-07-13 14:35:31,713   WARNING  obico.ws - WS Closed - 1001 - Server Shutdown
2023-07-13 14:35:42,323      INFO  backoff - Backing off wait_for_klippy_ready(...) for 15.5s (False)
2023-07-13 14:35:57,866      INFO  backoff - Backing off wait_for_klippy_ready(...) for 35.1s (False)
2023-07-13 14:36:33,043      INFO  backoff - Backing off wait_for_klippy_ready(...) for 51.5s (False)
2023-07-13 14:37:24,644      INFO  backoff - Backing off wait_for_klippy_ready(...) for 16.4s (False)
2023-07-13 14:37:41,078      INFO  backoff - Backing off wait_for_klippy_ready(...) for 19.5s (False)
2023-07-13 14:38:00,559      INFO  backoff - Backing off wait_for_klippy_ready(...) for 55.6s (False)
2023-07-13 14:38:56,310      INFO  obico.moonraker_conn - Klippy ready
2023-07-13 14:38:56,332      INFO  obico.moonraker_conn - connection is open
2023-07-13 14:38:56,421      INFO  obico.moonraker_conn - Klippy ready
2023-07-13 14:38:56,570      INFO  obico.app - detected state change: Offline -> Operational
2023-07-13 14:50:01,197      INFO  obico.app - detected state change: Operational -> Offline
2023-07-13 14:50:27,089      INFO  obico.app - detected state change: Offline -> Operational
2023-07-13 14:51:09,375      INFO  obico.app - detected state change: Operational -> Offline
2023-07-13 14:51:27,310      INFO  obico.app - detected state change: Offline -> Operational
2023-07-13 14:53:47,629      INFO  obico.app - detected state change: Operational -> Offline
2023-07-13 14:53:57,534      INFO  obico.app - detected state change: Offline -> Operational
2023-07-13 14:57:35,703      INFO  obico.app - detected state change: Operational -> Offline
2023-07-13 14:57:49,503      INFO  backoff - Backing off capture_jpeg(...) for 0.8s (AttributeError: 'ServerConn' object has no attribute 'snapshot_url')
2023-07-13 14:57:50,308      INFO  backoff - Backing off capture_jpeg(...) for 1.8s (AttributeError: 'ServerConn' object has no attribute 'snapshot_url')
2023-07-13 14:57:52,152     ERROR  backoff - Giving up capture_jpeg(...) after 3 tries (AttributeError: 'ServerConn' object has no attribute 'snapshot_url')
2023-07-13 14:57:52,153   WARNING  obico.server_conn - Failed to capture jpeg - 'ServerConn' object has no attribute 'snapshot_url'
2023-07-13 14:57:57,818      INFO  obico.app - detected state change: Offline -> Operational
2023-07-13 15:47:34,068      INFO  obico.app - starting moonraker-obico (v1.4.6)
2023-07-13 15:47:34,071      INFO  obico.app - Fetching linked printer...
2023-07-13 15:47:34,102      INFO  obico.app - Linked printer: {'is_pro': True, 'id': 3, 'name': 'Voron Green'}
2023-07-13 15:47:40,113      INFO  obico.app - starting moonraker-obico (v1.4.6)
2023-07-13 15:47:40,113      INFO  obico.app - Fetching linked printer...
2023-07-13 15:47:40,135      INFO  obico.app - Linked printer: {'is_pro': True, 'id': 3, 'name': 'Voron Green'}
2023-07-13 15:47:40,159   WARNING  obico.moonraker_conn - api key is unset, trying to fetch one
2023-07-13 15:47:40,165      INFO  obico.janus - Starting webcam streamer
2023-07-13 15:47:40,171      INFO  obico.webcam_stream - Trying to start ffmpeg using camera-streamer H.264 source
2023-07-13 15:47:40,191      INFO  obico.moonraker_conn - connection is open
2023-07-13 15:47:40,280      INFO  obico.moonraker_conn - Klippy ready
2023-07-13 15:47:40,521      INFO  obico.app - detected state change: Offline -> Operational
2023-07-13 15:47:41,015     ERROR  obico.webcam_stream - STDOUT:
None
STDERR:
b'http://127.0.0.1:8080/video.mp4: Server returned 404 Not Found\n'

2023-07-13 15:47:41,016      INFO  obico.webcam_stream - No camera-stream H.264 source found. Continue to legacy streaming: ffmpeg failed! Exit code: 1
2023-07-13 15:47:41,182      INFO  backoff - Backing off wait_for_janus(...) for 0.2s (ConnectionRefusedError: [Errno 111] Connection refused)
2023-07-13 15:47:42,426      INFO  backoff - Backing off wait_for_janus(...) for 1.7s (ConnectionRefusedError: [Errno 111] Connection refused)
2023-07-13 15:47:45,083      INFO  backoff - Backing off wait_for_janus(...) for 3.7s (ConnectionRefusedError: [Errno 111] Connection refused)
2023-07-13 15:58:32,612      INFO  obico.app - detected state change: Operational -> Offline
2023-07-13 15:58:41,129      INFO  obico.app - detected state change: Offline -> Operational
2023-07-13 15:59:10,649      INFO  obico.app - detected state change: Operational -> Offline
2023-07-13 15:59:11,038     ERROR  obico.utils - 
Traceback (most recent call last):
  File "/home/pi/moonraker-obico/moonraker_obico/app.py", line 200, in event_loop
    self._process_event(event)
  File "/home/pi/moonraker-obico/moonraker_obico/app.py", line 212, in _process_event
    self._on_moonrakerconn_event(event)
  File "/home/pi/moonraker-obico/moonraker_obico/app.py", line 252, in _on_moonrakerconn_event
    self._received_klippy_update(event.data['result'])
KeyError: 'result'
2023-07-13 15:59:31,532      INFO  backoff - Backing off capture_jpeg(...) for 0.8s (AttributeError: 'ServerConn' object has no attribute 'snapshot_url')
2023-07-13 15:59:32,381      INFO  backoff - Backing off capture_jpeg(...) for 1.1s (AttributeError: 'ServerConn' object has no attribute 'snapshot_url')
2023-07-13 15:59:33,465     ERROR  backoff - Giving up capture_jpeg(...) after 3 tries (AttributeError: 'ServerConn' object has no attribute 'snapshot_url')
2023-07-13 15:59:33,466   WARNING  obico.server_conn - Failed to capture jpeg - 'ServerConn' object has no attribute 'snapshot_url'
2023-07-13 16:02:11,237     ERROR  obico.utils - 
Traceback (most recent call last):
  File "/home/pi/moonraker-obico/moonraker_obico/app.py", line 200, in event_loop
    self._process_event(event)
  File "/home/pi/moonraker-obico/moonraker_obico/app.py", line 212, in _process_event
    self._on_moonrakerconn_event(event)
  File "/home/pi/moonraker-obico/moonraker_obico/app.py", line 252, in _on_moonrakerconn_event
    self._received_klippy_update(event.data['result'])
KeyError: 'result'
2023-07-13 16:03:41,429      INFO  obico.app - detected state change: Offline -> Operational
2023-07-13 16:05:51,078      INFO  obico.app - detected state change: Operational -> Offline
2023-07-13 16:09:41,875      INFO  obico.app - detected state change: Offline -> Operational
2023-07-13 16:10:53,105      INFO  obico.app - detected state change: Operational -> Offline
2023-07-13 16:12:12,159      INFO  obico.app - detected state change: Offline -> Operational
2023-07-13 16:12:26,681      INFO  obico.app - detected state change: Operational -> Offline
2023-07-13 16:13:42,188      INFO  obico.app - detected state change: Offline -> Operational
2023-07-13 16:16:25,123      INFO  obico.app - starting moonraker-obico (v1.4.6)
2023-07-13 16:16:25,134      INFO  obico.app - Fetching linked printer...
2023-07-13 16:16:25,168      INFO  obico.app - Linked printer: {'is_pro': True, 'id': 3, 'name': 'Voron Green'}
2023-07-13 16:16:31,068      INFO  obico.app - starting moonraker-obico (v1.4.6)
2023-07-13 16:16:31,068      INFO  obico.app - Fetching linked printer...
2023-07-13 16:16:31,090      INFO  obico.app - Linked printer: {'is_pro': True, 'id': 3, 'name': 'Voron Green'}
2023-07-13 16:16:31,114   WARNING  obico.moonraker_conn - api key is unset, trying to fetch one
2023-07-13 16:16:31,121      INFO  obico.janus - Starting webcam streamer
2023-07-13 16:16:31,124      INFO  obico.webcam_stream - Trying to start ffmpeg using camera-streamer H.264 source
2023-07-13 16:16:31,151      INFO  obico.moonraker_conn - connection is open
2023-07-13 16:16:31,309      INFO  obico.moonraker_conn - Klippy ready
2023-07-13 16:16:31,560      INFO  obico.app - detected state change: Offline -> Operational
2023-07-13 16:16:31,967     ERROR  obico.webcam_stream - STDOUT:
None
STDERR:
b'http://127.0.0.1:8080/video.mp4: Server returned 404 Not Found\n'

2023-07-13 16:16:31,968      INFO  obico.webcam_stream - No camera-stream H.264 source found. Continue to legacy streaming: ffmpeg failed! Exit code: 1
2023-07-13 16:16:32,127      INFO  backoff - Backing off wait_for_janus(...) for 0.9s (ConnectionRefusedError: [Errno 111] Connection refused)
2023-07-13 16:16:34,078      INFO  backoff - Backing off wait_for_janus(...) for 1.7s (ConnectionRefusedError: [Errno 111] Connection refused)
2023-07-13 16:17:06,179      INFO  obico.app - detected state change: Operational -> Offline
2023-07-13 16:17:06,383      INFO  backoff - Backing off capture_jpeg(...) for 0.5s (AttributeError: 'ServerConn' object has no attribute 'snapshot_url')
2023-07-13 16:17:06,916      INFO  backoff - Backing off capture_jpeg(...) for 0.8s (AttributeError: 'ServerConn' object has no attribute 'snapshot_url')
2023-07-13 16:17:07,685     ERROR  backoff - Giving up capture_jpeg(...) after 3 tries (AttributeError: 'ServerConn' object has no attribute 'snapshot_url')
2023-07-13 16:17:07,686   WARNING  obico.server_conn - Failed to capture jpeg - 'ServerConn' object has no attribute 'snapshot_url'
2023-07-13 16:18:36,584      INFO  obico.app - detected state change: Offline -> Operational
2023-07-13 16:18:41,845      INFO  obico.app - detected state change: Operational -> Offline
2023-07-13 16:19:08,467      INFO  obico.app - starting moonraker-obico (v1.4.6)
2023-07-13 16:19:08,480      INFO  obico.app - Fetching linked printer...
2023-07-13 16:19:08,517      INFO  obico.app - Linked printer: {'is_pro': True, 'id': 3, 'name': 'Voron Green'}
2023-07-13 16:19:14,329      INFO  obico.app - starting moonraker-obico (v1.4.6)
2023-07-13 16:19:14,329      INFO  obico.app - Fetching linked printer...
2023-07-13 16:19:14,350      INFO  obico.app - Linked printer: {'is_pro': True, 'id': 3, 'name': 'Voron Green'}
2023-07-13 16:19:14,375   WARNING  obico.moonraker_conn - api key is unset, trying to fetch one
2023-07-13 16:19:14,381      INFO  obico.janus - Starting webcam streamer
2023-07-13 16:19:14,387      INFO  obico.webcam_stream - Trying to start ffmpeg using camera-streamer H.264 source
2023-07-13 16:19:14,405      INFO  obico.moonraker_conn - connection is open
2023-07-13 16:19:14,421      INFO  backoff - Backing off wait_for_klippy_ready(...) for 0.7s (False)
2023-07-13 16:19:15,154      INFO  backoff - Backing off wait_for_klippy_ready(...) for 1.1s (False)
2023-07-13 16:19:15,223     ERROR  obico.webcam_stream - STDOUT:
None
STDERR:
b'[tcp @ 0x1649be0] Connection to tcp://127.0.0.1:8080 failed: Connection refused\nhttp://127.0.0.1:8080/video.mp4: Connection refused\n'

2023-07-13 16:19:15,226      INFO  obico.webcam_stream - No camera-stream H.264 source found. Continue to legacy streaming: ffmpeg failed! Exit code: 1
2023-07-13 16:19:15,388      INFO  backoff - Backing off wait_for_janus(...) for 0.1s (ConnectionRefusedError: [Errno 111] Connection refused)
2023-07-13 16:19:16,256      INFO  backoff - Backing off wait_for_klippy_ready(...) for 2.8s (False)
2023-07-13 16:19:16,516      INFO  backoff - Backing off wait_for_janus(...) for 1.0s (ConnectionRefusedError: [Errno 111] Connection refused)
2023-07-13 16:19:18,556      INFO  backoff - Backing off wait_for_janus(...) for 1.7s (ConnectionRefusedError: [Errno 111] Connection refused)
2023-07-13 16:19:19,074      INFO  backoff - Backing off wait_for_klippy_ready(...) for 1.4s (False)
2023-07-13 16:19:20,533      INFO  backoff - Backing off wait_for_klippy_ready(...) for 10.6s (False)
2023-07-13 16:19:31,152      INFO  backoff - Backing off wait_for_klippy_ready(...) for 12.5s (False)
2023-07-13 16:19:31,286      INFO  backoff - Backing off capture_jpeg(...) for 0.8s (urllib.error.HTTPError: HTTP Error 502: Bad Gateway)
2023-07-13 16:19:32,042      INFO  backoff - Backing off capture_jpeg(...) for 0.6s (urllib.error.HTTPError: HTTP Error 502: Bad Gateway)
2023-07-13 16:19:32,605     ERROR  backoff - Giving up capture_jpeg(...) after 3 tries (urllib.error.HTTPError: HTTP Error 502: Bad Gateway)
2023-07-13 16:19:32,606      INFO  backoff - Backing off get_webcam_resolution(...) for 0.9s (urllib.error.HTTPError: HTTP Error 502: Bad Gateway)
2023-07-13 16:19:33,518      INFO  backoff - Backing off capture_jpeg(...) for 0.2s (urllib.error.HTTPError: HTTP Error 502: Bad Gateway)
2023-07-13 16:19:33,699      INFO  backoff - Backing off capture_jpeg(...) for 0.5s (urllib.error.HTTPError: HTTP Error 502: Bad Gateway)
2023-07-13 16:19:34,196     ERROR  backoff - Giving up capture_jpeg(...) after 3 tries (urllib.error.HTTPError: HTTP Error 502: Bad Gateway)
2023-07-13 16:19:34,197      INFO  backoff - Backing off get_webcam_resolution(...) for 1.4s (urllib.error.HTTPError: HTTP Error 502: Bad Gateway)
2023-07-13 16:19:35,633      INFO  backoff - Backing off capture_jpeg(...) for 0.3s (urllib.error.HTTPError: HTTP Error 502: Bad Gateway)
2023-07-13 16:19:35,982      INFO  backoff - Backing off capture_jpeg(...) for 1.9s (urllib.error.HTTPError: HTTP Error 502: Bad Gateway)
2023-07-13 16:19:37,937     ERROR  backoff - Giving up capture_jpeg(...) after 3 tries (urllib.error.HTTPError: HTTP Error 502: Bad Gateway)
2023-07-13 16:19:37,937      INFO  backoff - Backing off get_webcam_resolution(...) for 0.2s (urllib.error.HTTPError: HTTP Error 502: Bad Gateway)
2023-07-13 16:19:38,153      INFO  backoff - Backing off capture_jpeg(...) for 0.4s (urllib.error.HTTPError: HTTP Error 502: Bad Gateway)
2023-07-13 16:19:38,526      INFO  backoff - Backing off capture_jpeg(...) for 0.7s (urllib.error.HTTPError: HTTP Error 502: Bad Gateway)
2023-07-13 16:19:39,225     ERROR  backoff - Giving up capture_jpeg(...) after 3 tries (urllib.error.HTTPError: HTTP Error 502: Bad Gateway)
2023-07-13 16:19:39,226      INFO  backoff - Backing off get_webcam_resolution(...) for 5.8s (urllib.error.HTTPError: HTTP Error 502: Bad Gateway)
2023-07-13 16:19:43,693      INFO  backoff - Backing off wait_for_klippy_ready(...) for 51.8s (False)
2023-07-13 16:19:45,031      INFO  backoff - Backing off capture_jpeg(...) for 0.6s (urllib.error.HTTPError: HTTP Error 502: Bad Gateway)
2023-07-13 16:19:45,659      INFO  backoff - Backing off capture_jpeg(...) for 1.2s (urllib.error.HTTPError: HTTP Error 502: Bad Gateway)
2023-07-13 16:19:46,900     ERROR  backoff - Giving up capture_jpeg(...) after 3 tries (urllib.error.HTTPError: HTTP Error 502: Bad Gateway)
2023-07-13 16:19:46,901      INFO  backoff - Backing off get_webcam_resolution(...) for 8.2s (urllib.error.HTTPError: HTTP Error 502: Bad Gateway)
2023-07-13 16:19:55,082      INFO  backoff - Backing off capture_jpeg(...) for 0.6s (urllib.error.HTTPError: HTTP Error 502: Bad Gateway)
2023-07-13 16:19:55,651      INFO  backoff - Backing off capture_jpeg(...) for 0.9s (urllib.error.HTTPError: HTTP Error 502: Bad Gateway)
2023-07-13 16:19:56,508     ERROR  backoff - Giving up capture_jpeg(...) after 3 tries (urllib.error.HTTPError: HTTP Error 502: Bad Gateway)
2023-07-13 16:19:56,508      INFO  backoff - Backing off get_webcam_resolution(...) for 16.6s (urllib.error.HTTPError: HTTP Error 502: Bad Gateway)
2023-07-13 16:20:13,149      INFO  backoff - Backing off capture_jpeg(...) for 0.4s (urllib.error.HTTPError: HTTP Error 502: Bad Gateway)
2023-07-13 16:20:13,546      INFO  backoff - Backing off capture_jpeg(...) for 0.1s (urllib.error.HTTPError: HTTP Error 502: Bad Gateway)
2023-07-13 16:20:13,608     ERROR  backoff - Giving up capture_jpeg(...) after 3 tries (urllib.error.HTTPError: HTTP Error 502: Bad Gateway)
2023-07-13 16:20:13,610      INFO  backoff - Backing off get_webcam_resolution(...) for 1.1s (urllib.error.HTTPError: HTTP Error 502: Bad Gateway)
2023-07-13 16:20:14,669      INFO  backoff - Backing off capture_jpeg(...) for 1.0s (urllib.error.HTTPError: HTTP Error 502: Bad Gateway)
2023-07-13 16:20:15,649      INFO  backoff - Backing off capture_jpeg(...) for 1.3s (urllib.error.HTTPError: HTTP Error 502: Bad Gateway)
2023-07-13 16:20:16,999     ERROR  backoff - Giving up capture_jpeg(...) after 3 tries (urllib.error.HTTPError: HTTP Error 502: Bad Gateway)
2023-07-13 16:20:17,000      INFO  backoff - Backing off get_webcam_resolution(...) for 97.3s (urllib.error.HTTPError: HTTP Error 502: Bad Gateway)
2023-07-13 16:20:35,503      INFO  backoff - Backing off wait_for_klippy_ready(...) for 42.1s (False)
2023-07-13 16:20:48,395      INFO  backoff - Backing off capture_jpeg(...) for 0.9s (AttributeError: 'ServerConn' object has no attribute 'snapshot_url')
2023-07-13 16:20:49,261      INFO  backoff - Backing off capture_jpeg(...) for 0.8s (AttributeError: 'ServerConn' object has no attribute 'snapshot_url')
2023-07-13 16:20:50,027     ERROR  backoff - Giving up capture_jpeg(...) after 3 tries (AttributeError: 'ServerConn' object has no attribute 'snapshot_url')
2023-07-13 16:20:50,028   WARNING  obico.server_conn - Failed to capture jpeg - 'ServerConn' object has no attribute 'snapshot_url'
2023-07-13 16:21:17,887      INFO  obico.moonraker_conn - Klippy ready
2023-07-13 16:21:18,137      INFO  obico.app - detected state change: Offline -> Operational
2023-07-13 16:21:54,329      INFO  backoff - Backing off capture_jpeg(...) for 0.5s (urllib.error.HTTPError: HTTP Error 502: Bad Gateway)
2023-07-13 16:21:54,870      INFO  backoff - Backing off capture_jpeg(...) for 1.0s (urllib.error.HTTPError: HTTP Error 502: Bad Gateway)
2023-07-13 16:21:55,924     ERROR  backoff - Giving up capture_jpeg(...) after 3 tries (urllib.error.HTTPError: HTTP Error 502: Bad Gateway)
2023-07-13 16:21:55,925      INFO  backoff - Backing off get_webcam_resolution(...) for 200.6s (urllib.error.HTTPError: HTTP Error 502: Bad Gateway)
2023-07-13 16:25:16,590      INFO  backoff - Backing off capture_jpeg(...) for 0.3s (urllib.error.HTTPError: HTTP Error 502: Bad Gateway)
2023-07-13 16:25:16,848      INFO  backoff - Backing off capture_jpeg(...) for 2.0s (urllib.error.HTTPError: HTTP Error 502: Bad Gateway)
2023-07-13 16:25:18,844     ERROR  backoff - Giving up capture_jpeg(...) after 3 tries (urllib.error.HTTPError: HTTP Error 502: Bad Gateway)
2023-07-13 16:25:18,847      INFO  backoff - Backing off get_webcam_resolution(...) for 314.3s (urllib.error.HTTPError: HTTP Error 502: Bad Gateway)
2023-07-13 16:26:50,397      INFO  obico.app - detected state change: Operational -> Offline
2023-07-13 16:27:21,459      INFO  obico.app - detected state change: Offline -> Operational
2023-07-13 16:27:43,297      INFO  obico.app - detected state change: Operational -> Offline
2023-07-13 16:27:51,339      INFO  obico.app - detected state change: Offline -> Operational
2023-07-13 16:29:08,818      INFO  obico.app - detected state change: Operational -> Offline
2023-07-13 16:29:21,652      INFO  obico.app - detected state change: Offline -> Operational
2023-07-13 16:30:33,206      INFO  backoff - Backing off capture_jpeg(...) for 0.5s (urllib.error.HTTPError: HTTP Error 502: Bad Gateway)
2023-07-13 16:30:33,747      INFO  backoff - Backing off capture_jpeg(...) for 1.9s (urllib.error.HTTPError: HTTP Error 502: Bad Gateway)
2023-07-13 16:30:35,655     ERROR  backoff - Giving up capture_jpeg(...) after 3 tries (urllib.error.HTTPError: HTTP Error 502: Bad Gateway)
2023-07-13 16:30:35,656      INFO  backoff - Backing off get_webcam_resolution(...) for 618.7s (urllib.error.HTTPError: HTTP Error 502: Bad Gateway)
2023-07-13 16:47:27,776      INFO  obico.app - detected state change: Operational -> Offline
2023-07-13 16:47:52,647      INFO  obico.app - detected state change: Offline -> Operational
2023-07-13 16:48:08,900      INFO  obico.app - detected state change: Operational -> Offline
2023-07-13 16:48:22,880      INFO  obico.app - detected state change: Offline -> Operational
2023-07-13 16:51:43,937      INFO  obico.app - detected state change: Operational -> Offline
2023-07-13 16:51:53,112      INFO  obico.app - detected state change: Offline -> Operational
2023-07-13 16:19:07,425      INFO  obico.app - starting moonraker-obico (v1.4.6)
2023-07-13 16:19:07,444      INFO  obico.app - Fetching linked printer...
2023-07-13 16:19:07,475      INFO  obico.app - Linked printer: {'is_pro': True, 'id': 3, 'name': 'Voron Green'}
2023-07-13 16:19:13,495      INFO  obico.app - starting moonraker-obico (v1.4.6)
2023-07-13 16:19:13,496      INFO  obico.app - Fetching linked printer...
2023-07-13 16:19:13,517      INFO  obico.app - Linked printer: {'is_pro': True, 'id': 3, 'name': 'Voron Green'}
2023-07-13 16:19:13,544   WARNING  obico.moonraker_conn - api key is unset, trying to fetch one
2023-07-13 16:19:13,551      INFO  obico.janus - Starting webcam streamer
2023-07-13 16:19:13,561      INFO  obico.webcam_stream - Trying to start ffmpeg using camera-streamer H.264 source
2023-07-13 16:19:13,583      INFO  obico.moonraker_conn - connection is open
2023-07-13 16:19:13,780      INFO  obico.moonraker_conn - Klippy ready
2023-07-13 16:19:14,026      INFO  obico.app - detected state change: Offline -> Operational
2023-07-13 16:19:14,392     ERROR  obico.webcam_stream - STDOUT:
None
STDERR:
b'http://127.0.0.1:8080/video.mp4: Server returned 404 Not Found\n'

2023-07-13 16:19:14,393      INFO  obico.webcam_stream - No camera-stream H.264 source found. Continue to legacy streaming: ffmpeg failed! Exit code: 1
2023-07-13 16:19:14,555      INFO  backoff - Backing off wait_for_janus(...) for 0.2s (ConnectionRefusedError: [Errno 111] Connection refused)
2023-07-13 16:19:15,736      INFO  backoff - Backing off wait_for_janus(...) for 0.0s (ConnectionRefusedError: [Errno 111] Connection refused)
2023-07-13 16:19:16,750      INFO  backoff - Backing off wait_for_janus(...) for 3.8s (ConnectionRefusedError: [Errno 111] Connection refused)
2023-07-13 16:26:51,216      INFO  obico.app - detected state change: Operational -> Offline
2023-07-13 16:28:14,477      INFO  obico.app - detected state change: Offline -> Operational
2023-07-13 16:31:16,163      INFO  obico.app - detected state change: Operational -> Offline
2023-07-13 16:31:44,664      INFO  obico.app - detected state change: Offline -> Operational
2023-07-13 16:33:35,214      INFO  obico.app - detected state change: Operational -> Offline
2023-07-13 16:33:44,861      INFO  obico.app - detected state change: Offline -> Operational
2023-07-13 16:33:58,490      INFO  backoff - Backing off capture_jpeg(...) for 0.2s (AttributeError: 'ServerConn' object has no attribute 'snapshot_url')
2023-07-13 16:33:58,714      INFO  backoff - Backing off capture_jpeg(...) for 0.4s (AttributeError: 'ServerConn' object has no attribute 'snapshot_url')
2023-07-13 16:33:59,165     ERROR  backoff - Giving up capture_jpeg(...) after 3 tries (AttributeError: 'ServerConn' object has no attribute 'snapshot_url')
2023-07-13 16:33:59,166   WARNING  obico.server_conn - Failed to capture jpeg - 'ServerConn' object has no attribute 'snapshot_url'
2023-07-13 16:35:33,941      INFO  obico.app - detected state change: Operational -> Offline
2023-07-13 16:35:45,106      INFO  obico.app - detected state change: Offline -> Operational
2023-07-13 16:42:47,604      INFO  obico.app - detected state change: Operational -> Offline
2023-07-13 16:43:15,413      INFO  obico.app - detected state change: Offline -> Operational
2023-07-13 16:43:40,064      INFO  obico.app - detected state change: Operational -> Offline
2023-07-13 16:46:15,629      INFO  obico.app - detected state change: Offline -> Operational
2023-07-13 16:59:32,311      INFO  obico.app - detected state change: Operational -> Offline
2023-07-13 16:59:46,599      INFO  obico.app - detected state change: Offline -> Operational
2023-07-13 17:01:39,269      INFO  obico.app - detected state change: Operational -> Offline
2023-07-13 17:02:16,941      INFO  obico.app - detected state change: Offline -> Operational
2023-07-13 17:08:55,812      INFO  obico.app - detected state change: Operational -> Offline
2023-07-13 17:09:47,329      INFO  obico.app - detected state change: Offline -> Operational
2023-07-13 17:37:29,942      INFO  obico.app - detected state change: Operational -> Offline
2023-07-13 17:37:49,166      INFO  obico.app - detected state change: Offline -> Operational
2023-07-13 17:44:19,042      INFO  obico.app - detected state change: Operational -> Offline
2023-07-13 17:44:19,523     ERROR  obico.utils - 
Traceback (most recent call last):
  File "/home/pi/moonraker-obico/moonraker_obico/app.py", line 200, in event_loop
    self._process_event(event)
  File "/home/pi/moonraker-obico/moonraker_obico/app.py", line 212, in _process_event
    self._on_moonrakerconn_event(event)
  File "/home/pi/moonraker-obico/moonraker_obico/app.py", line 252, in _on_moonrakerconn_event
    self._received_klippy_update(event.data['result'])
KeyError: 'result'
2023-07-13 17:45:19,777      INFO  obico.app - detected state change: Offline -> Operational
2023-07-13 17:45:34,946      INFO  obico.app - detected state change: Operational -> Offline
2023-07-13 17:45:49,877      INFO  obico.app - detected state change: Offline -> Operational
2023-07-13 17:51:28,101      INFO  obico.app - detected state change: Operational -> Offline
2023-07-13 17:51:50,139      INFO  obico.app - detected state change: Offline -> Operational
2023-07-13 17:56:47,351      INFO  obico.app - detected state change: Operational -> Offline
2023-07-13 17:57:50,691      INFO  obico.app - detected state change: Offline -> Operational
2023-07-13 17:58:36,265      INFO  obico.app - detected state change: Operational -> Offline
2023-07-13 17:58:50,631      INFO  obico.app - detected state change: Offline -> Operational
2023-07-13 18:02:30,966      INFO  obico.app - detected state change: Operational -> Offline
2023-07-13 18:03:20,999      INFO  obico.app - detected state change: Offline -> Operational
2023-07-13 18:49:08,781      INFO  obico.app - detected state change: Operational -> Offline
2023-07-13 18:49:42,201      INFO  obico.app - starting moonraker-obico (v1.4.6)
2023-07-13 18:49:42,277      INFO  obico.app - Fetching linked printer...
2023-07-13 18:49:42,305      INFO  obico.app - Linked printer: {'is_pro': True, 'id': 3, 'name': 'Voron Green'}
2023-07-13 18:49:48,344      INFO  obico.app - starting moonraker-obico (v1.4.6)
2023-07-13 18:49:48,345      INFO  obico.app - Fetching linked printer...
2023-07-13 18:49:48,367      INFO  obico.app - Linked printer: {'is_pro': True, 'id': 3, 'name': 'Voron Green'}
2023-07-13 18:49:48,392   WARNING  obico.moonraker_conn - api key is unset, trying to fetch one
2023-07-13 18:49:48,397      INFO  obico.janus - Starting webcam streamer
2023-07-13 18:49:48,399      INFO  obico.webcam_stream - Trying to start ffmpeg using camera-streamer H.264 source
2023-07-13 18:49:48,421      INFO  obico.moonraker_conn - connection is open
2023-07-13 18:49:48,513      INFO  obico.moonraker_conn - Klippy ready
2023-07-13 18:49:48,705      INFO  obico.app - detected state change: Offline -> Operational
2023-07-13 18:49:49,250     ERROR  obico.webcam_stream - STDOUT:
None
STDERR:
b'[tcp @ 0xeaabe0] Connection to tcp://127.0.0.1:8080 failed: Connection refused\nhttp://127.0.0.1:8080/video.mp4: Connection refused\n'

2023-07-13 18:49:49,251      INFO  obico.webcam_stream - No camera-stream H.264 source found. Continue to legacy streaming: ffmpeg failed! Exit code: 1
2023-07-13 18:49:49,408      INFO  backoff - Backing off wait_for_janus(...) for 0.1s (ConnectionRefusedError: [Errno 111] Connection refused)
2023-07-13 18:49:50,519      INFO  backoff - Backing off wait_for_janus(...) for 0.4s (ConnectionRefusedError: [Errno 111] Connection refused)
2023-07-13 18:49:51,873      INFO  backoff - Backing off wait_for_janus(...) for 0.3s (ConnectionRefusedError: [Errno 111] Connection refused)
2023-07-13 18:49:53,192      INFO  backoff - Backing off wait_for_janus(...) for 2.8s (ConnectionRefusedError: [Errno 111] Connection refused)
2023-07-13 18:50:01,113      INFO  obico.app - detected state change: Operational -> Offline
2023-07-13 18:50:05,297      INFO  backoff - Backing off capture_jpeg(...) for 0.6s (urllib.error.HTTPError: HTTP Error 502: Bad Gateway)
2023-07-13 18:50:05,877      INFO  backoff - Backing off capture_jpeg(...) for 0.9s (urllib.error.HTTPError: HTTP Error 502: Bad Gateway)
2023-07-13 18:50:06,739     ERROR  backoff - Giving up capture_jpeg(...) after 3 tries (urllib.error.HTTPError: HTTP Error 502: Bad Gateway)
2023-07-13 18:50:06,740      INFO  backoff - Backing off get_webcam_resolution(...) for 1.0s (urllib.error.HTTPError: HTTP Error 502: Bad Gateway)
2023-07-13 18:50:07,724      INFO  backoff - Backing off capture_jpeg(...) for 0.7s (urllib.error.HTTPError: HTTP Error 502: Bad Gateway)
2023-07-13 18:50:08,445      INFO  backoff - Backing off capture_jpeg(...) for 0.8s (urllib.error.HTTPError: HTTP Error 502: Bad Gateway)
2023-07-13 18:50:09,279     ERROR  backoff - Giving up capture_jpeg(...) after 3 tries (urllib.error.HTTPError: HTTP Error 502: Bad Gateway)
2023-07-13 18:50:09,280      INFO  backoff - Backing off get_webcam_resolution(...) for 0.5s (urllib.error.HTTPError: HTTP Error 502: Bad Gateway)
2023-07-13 18:50:09,818      INFO  backoff - Backing off capture_jpeg(...) for 0.3s (urllib.error.HTTPError: HTTP Error 502: Bad Gateway)
2023-07-13 18:50:10,146      INFO  backoff - Backing off capture_jpeg(...) for 1.7s (urllib.error.HTTPError: HTTP Error 502: Bad Gateway)
2023-07-13 18:50:11,833     ERROR  backoff - Giving up capture_jpeg(...) after 3 tries (urllib.error.HTTPError: HTTP Error 502: Bad Gateway)
2023-07-13 18:50:11,834      INFO  backoff - Backing off get_webcam_resolution(...) for 1.9s (urllib.error.HTTPError: HTTP Error 502: Bad Gateway)
2023-07-13 18:50:13,720      INFO  backoff - Backing off capture_jpeg(...) for 0.6s (urllib.error.HTTPError: HTTP Error 502: Bad Gateway)
2023-07-13 18:50:14,357      INFO  backoff - Backing off capture_jpeg(...) for 0.5s (urllib.error.HTTPError: HTTP Error 502: Bad Gateway)
2023-07-13 18:50:14,893     ERROR  backoff - Giving up capture_jpeg(...) after 3 tries (urllib.error.HTTPError: HTTP Error 502: Bad Gateway)
2023-07-13 18:50:14,894      INFO  backoff - Backing off get_webcam_resolution(...) for 3.1s (urllib.error.HTTPError: HTTP Error 502: Bad Gateway)
2023-07-13 18:50:18,023      INFO  backoff - Backing off capture_jpeg(...) for 0.0s (urllib.error.HTTPError: HTTP Error 502: Bad Gateway)
2023-07-13 18:50:18,030      INFO  backoff - Backing off capture_jpeg(...) for 1.7s (urllib.error.HTTPError: HTTP Error 502: Bad Gateway)
2023-07-13 18:50:18,612      INFO  obico.app - detected state change: Offline -> Operational
2023-07-13 18:50:19,785     ERROR  backoff - Giving up capture_jpeg(...) after 3 tries (urllib.error.HTTPError: HTTP Error 502: Bad Gateway)
2023-07-13 18:50:19,786      INFO  backoff - Backing off get_webcam_resolution(...) for 9.0s (urllib.error.HTTPError: HTTP Error 502: Bad Gateway)
2023-07-13 18:50:28,777      INFO  backoff - Backing off capture_jpeg(...) for 0.1s (urllib.error.HTTPError: HTTP Error 502: Bad Gateway)
2023-07-13 18:50:28,884      INFO  backoff - Backing off capture_jpeg(...) for 0.6s (urllib.error.HTTPError: HTTP Error 502: Bad Gateway)
2023-07-13 18:50:29,444     ERROR  backoff - Giving up capture_jpeg(...) after 3 tries (urllib.error.HTTPError: HTTP Error 502: Bad Gateway)
2023-07-13 18:50:29,444      INFO  backoff - Backing off get_webcam_resolution(...) for 30.4s (urllib.error.HTTPError: HTTP Error 502: Bad Gateway)
2023-07-14 11:44:02,140      INFO  backoff - Backing off capture_jpeg(...) for 1.0s (urllib.error.HTTPError: HTTP Error 502: Bad Gateway)
2023-07-14 11:44:03,134      INFO  backoff - Backing off capture_jpeg(...) for 1.7s (urllib.error.HTTPError: HTTP Error 502: Bad Gateway)
2023-07-14 11:44:04,817     ERROR  backoff - Giving up capture_jpeg(...) after 3 tries (urllib.error.HTTPError: HTTP Error 502: Bad Gateway)
2023-07-14 11:44:04,818      INFO  backoff - Backing off get_webcam_resolution(...) for 14.0s (urllib.error.HTTPError: HTTP Error 502: Bad Gateway)
2023-07-14 11:44:18,845      INFO  backoff - Backing off capture_jpeg(...) for 0.4s (urllib.error.HTTPError: HTTP Error 502: Bad Gateway)
2023-07-14 11:44:19,281      INFO  backoff - Backing off capture_jpeg(...) for 1.7s (urllib.error.HTTPError: HTTP Error 502: Bad Gateway)
2023-07-14 11:44:20,946     ERROR  backoff - Giving up capture_jpeg(...) after 3 tries (urllib.error.HTTPError: HTTP Error 502: Bad Gateway)
2023-07-14 11:44:20,946      INFO  backoff - Backing off get_webcam_resolution(...) for 111.9s (urllib.error.HTTPError: HTTP Error 502: Bad Gateway)
2023-07-14 11:46:12,943      INFO  backoff - Backing off capture_jpeg(...) for 0.4s (urllib.error.HTTPError: HTTP Error 502: Bad Gateway)
2023-07-14 11:46:13,349      INFO  backoff - Backing off capture_jpeg(...) for 1.0s (urllib.error.HTTPError: HTTP Error 502: Bad Gateway)
2023-07-14 11:46:14,322     ERROR  backoff - Giving up capture_jpeg(...) after 3 tries (urllib.error.HTTPError: HTTP Error 502: Bad Gateway)
2023-07-14 11:46:14,323      INFO  backoff - Backing off get_webcam_resolution(...) for 231.5s (urllib.error.HTTPError: HTTP Error 502: Bad Gateway)
2023-07-14 11:50:05,886      INFO  backoff - Backing off capture_jpeg(...) for 0.1s (urllib.error.HTTPError: HTTP Error 502: Bad Gateway)
2023-07-14 11:50:06,037      INFO  backoff - Backing off capture_jpeg(...) for 1.5s (urllib.error.HTTPError: HTTP Error 502: Bad Gateway)
2023-07-14 11:50:07,520     ERROR  backoff - Giving up capture_jpeg(...) after 3 tries (urllib.error.HTTPError: HTTP Error 502: Bad Gateway)
2023-07-14 11:50:07,520      INFO  backoff - Backing off get_webcam_resolution(...) for 510.1s (urllib.error.HTTPError: HTTP Error 502: Bad Gateway)
2023-07-14 11:58:37,713      INFO  backoff - Backing off capture_jpeg(...) for 0.9s (urllib.error.HTTPError: HTTP Error 502: Bad Gateway)
2023-07-14 11:58:38,647      INFO  backoff - Backing off capture_jpeg(...) for 1.2s (urllib.error.HTTPError: HTTP Error 502: Bad Gateway)
2023-07-14 11:58:39,898     ERROR  backoff - Giving up capture_jpeg(...) after 3 tries (urllib.error.HTTPError: HTTP Error 502: Bad Gateway)
2023-07-14 11:58:39,898      INFO  backoff - Backing off get_webcam_resolution(...) for 712.9s (urllib.error.HTTPError: HTTP Error 502: Bad Gateway)
2023-07-14 12:10:32,927      INFO  backoff - Backing off capture_jpeg(...) for 0.7s (urllib.error.HTTPError: HTTP Error 502: Bad Gateway)
2023-07-14 12:10:33,615      INFO  backoff - Backing off capture_jpeg(...) for 1.5s (urllib.error.HTTPError: HTTP Error 502: Bad Gateway)
2023-07-14 12:10:35,112     ERROR  backoff - Giving up capture_jpeg(...) after 3 tries (urllib.error.HTTPError: HTTP Error 502: Bad Gateway)
2023-07-14 12:10:35,112      INFO  backoff - Backing off get_webcam_resolution(...) for 695.7s (urllib.error.HTTPError: HTTP Error 502: Bad Gateway)
2023-07-14 12:22:10,907      INFO  backoff - Backing off capture_jpeg(...) for 0.9s (urllib.error.HTTPError: HTTP Error 502: Bad Gateway)
2023-07-14 12:22:11,820      INFO  backoff - Backing off capture_jpeg(...) for 1.7s (urllib.error.HTTPError: HTTP Error 502: Bad Gateway)
2023-07-14 12:22:13,507     ERROR  backoff - Giving up capture_jpeg(...) after 3 tries (urllib.error.HTTPError: HTTP Error 502: Bad Gateway)
2023-07-14 12:22:13,508      INFO  backoff - Backing off get_webcam_resolution(...) for 1558.3s (urllib.error.HTTPError: HTTP Error 502: Bad Gateway)
2023-07-14 12:48:11,862      INFO  backoff - Backing off capture_jpeg(...) for 0.0s (urllib.error.HTTPError: HTTP Error 502: Bad Gateway)
2023-07-14 12:48:11,893      INFO  backoff - Backing off capture_jpeg(...) for 1.5s (urllib.error.HTTPError: HTTP Error 502: Bad Gateway)
2023-07-14 12:48:13,418     ERROR  backoff - Giving up capture_jpeg(...) after 3 tries (urllib.error.HTTPError: HTTP Error 502: Bad Gateway)
2023-07-14 12:48:13,419      INFO  backoff - Backing off get_webcam_resolution(...) for 6676.2s (urllib.error.HTTPError: HTTP Error 502: Bad Gateway)
2023-07-14 13:36:56,971      INFO  obico.app - detected state change: Operational -> Offline
2023-07-14 13:47:38,950     ERROR  obico.utils - 
Traceback (most recent call last):
  File "/home/pi/moonraker-obico/moonraker_obico/app.py", line 200, in event_loop
    self._process_event(event)
  File "/home/pi/moonraker-obico/moonraker_obico/app.py", line 212, in _process_event
    self._on_moonrakerconn_event(event)
  File "/home/pi/moonraker-obico/moonraker_obico/app.py", line 252, in _on_moonrakerconn_event
    self._received_klippy_update(event.data['result'])
KeyError: 'result'
2023-07-14 13:49:09,051     ERROR  obico.utils - 
Traceback (most recent call last):
  File "/home/pi/moonraker-obico/moonraker_obico/app.py", line 200, in event_loop
    self._process_event(event)
  File "/home/pi/moonraker-obico/moonraker_obico/app.py", line 212, in _process_event
    self._on_moonrakerconn_event(event)
  File "/home/pi/moonraker-obico/moonraker_obico/app.py", line 252, in _on_moonrakerconn_event
    self._received_klippy_update(event.data['result'])
KeyError: 'result'
