-------------------- Log Start | Mon Aug  7 08:05:25 2023 --------------------
data_path: /home/pi/printer_data
is_default_data_path: False
config_file: /home/pi/printer_data/config/moonraker.conf
startup_warnings: []
verbose: False
debug: False
asyncio_debug: False
is_backup_config: False
is_python_package: True
instance_uuid: b8104bdf661049b9bf6ecc748f676f70
unix_socket_path: /home/pi/printer_data/comms/moonraker.sock
software_version: v0.8.0-136-g797c623
git_branch: master
git_remote: origin
git_repo_url: https://github.com/Arksine/moonraker.git
modified_files: []
unofficial_components: []
log_file: /home/pi/printer_data/logs/moonraker.log
python_version: 3.9.2 (default, Mar 12 2021, 04:06:34)  [GCC 10.2.1 20210110]

#################### Moonraker Configuration ####################

[server]
host = 0.0.0.0
port = 7125
klippy_uds_address = {data_path}/comms/klippy.sock
max_upload_size = 1024

[machine]
provider = systemd_dbus

[data_store]
temperature_store_size = 1200
gcode_store_size = 1000

[authorization]
force_logins = False
cors_domains = 
	*.local
	*.lan
	*://app.fluidd.xyz
	*://dev-app.fluidd.xyz
	*://my.mainsail.xyz
trusted_clients = 
	10.0.0.0/8
	127.0.0.0/8
	169.254.0.0/16
	172.16.0.0/12
	192.168.0.0/16
	FE80::/10
	::1/128

[history]

[octoprint_compat]

[update_manager]
enable_auto_refresh = True

[update_manager Klippain]
type = git_repo
path = ~/klippain_config
channel = beta
origin = https://github.com/Frix-x/klippain.git
primary_branch = main
managed_services = moonraker klipper
install_script = install.sh

[file_manager]
enable_object_processing = True

[update_manager client mainsail]
type = web
repo = mainsail-crew/mainsail
path = ~/mainsail

[update_manager klipper_tmc_autotune]
type = git_repo
channel = dev
path = ~/klipper_tmc_autotune
origin = https://github.com/andrewmcgr/klipper_tmc_autotune.git
managed_services = klipper
primary_branch = main
install_script = install.sh

[update_manager KlipperScreen]
type = git_repo
path = ~/KlipperScreen
origin = https://github.com/KlipperScreen/KlipperScreen.git
env = ~/.KlipperScreen-env/bin/python
requirements = scripts/KlipperScreen-requirements.txt
install_script = scripts/KlipperScreen-install.sh
managed_services = KlipperScreen

#################################################################
All Configuration Files:
/home/pi/printer_data/config/moonraker.conf
/home/pi/printer_data/config/moonraker/base.conf
/home/pi/printer_data/config/moonraker/exclude_object.conf
/home/pi/printer_data/config/moonraker/mainsail.conf
#################################################################
Unsafe Shutdown Count: 4

System Info:

***python***
  version: sys.version_info(major=3, minor=9, micro=2, releaselevel='final', serial=0)
  version_string: 3.9.2 (default, Mar 12 2021, 04:06:34)  [GCC 10.2.1 20210110]

***cpu_info***
  cpu_count: 4
  bits: 32bit
  processor: aarch64
  cpu_desc: 
  serial_number: 10000000dee09280
  hardware_desc: BCM2835
  model: Raspberry Pi 4 Model B Rev 1.5
  total_memory: 1713724
  memory_units: kB

***sd_info***
  manufacturer_id: 27
  manufacturer: Unknown
  oem_id: 5048
  product_name: SD32G
  product_revision: 6.0
  serial_number: 23904cb0
  manufacturer_date: 1/2022
  capacity: 28.8 GiB
  total_bytes: 30941380608

***distribution***
  name: Raspbian GNU/Linux 11 (bullseye)
  id: raspbian
  version: 11
  version_parts: {'major': '11', 'minor': '', 'build_number': ''}
  like: debian
  codename: bullseye
  release_info: {'name': 'MainsailOS', 'version_id': '1.2.1', 'codename': 'bullseye', 'id': 'mainsailos'}

***virtualization***
  virt_type: none
  virt_identifier: none

***network***

***canbus***

***Allowed Services***
  klipper_mcu
  webcamd
  MoonCord
  KlipperScreen
  moonraker-telegram-bot
  moonraker-obico
  sonar
  crowsnest
  octoeverywhere
  ratos-configurator

Systemd unit moonraker.service:
unit_name: moonraker.service
is_default: True
manager: systemd
Properties:
**Requires=['system.slice', 'network-online.target', 'sysinit.target']
**After=['systemd-journald.socket', 'sysinit.target', 'klipper.service', 'network-online.target', 'system.slice', 'basic.target']
**SupplementaryGroups=['moonraker-admin']
**EnvironmentFiles=/home/pi/printer_data/systemd/moonraker.env
**ExecStart=/home/pi/moonraker-env/bin/python $MOONRAKER_ARGS
**WorkingDirectory=
**FragmentPath=/etc/systemd/system/moonraker.service
**Description=API Server for Klipper SV1
**User=pi

Systemd unit klipper.service:
unit_name: klipper.service
is_default: True
manager: systemd
Properties:
**Requires=['-.mount', 'sysinit.target', 'system.slice']
**After=['systemd-journald.socket', 'sysinit.target', '-.mount', 'network-online.target', 'system.slice', 'klipper-mcu.service', 'basic.target']
**SupplementaryGroups=[]
**EnvironmentFiles=/home/pi/printer_data/systemd/klipper.env
**ExecStart=/home/pi/klippy-env/bin/python $KLIPPER_ARGS
**WorkingDirectory=/home/pi/klipper
**FragmentPath=/etc/systemd/system/klipper.service
**Description=Klipper 3D Printer Firmware SV1
**User=pi
Git Repo moonraker: Warnings detected:
  Repo has untracked source files: ['moonraker/components/timelapse.py']
Git Repo klipper: Warnings detected:
  Repo has untracked source files: ['klippy/extras/autotune_tmc.py', 'klippy/extras/gcode_shell_command.py', 'klippy/extras/motor_constants.py']
Git Repo Klippain: No warnings detected
Git Repo klipper_tmc_autotune: No warnings detected
Git Repo KlipperScreen: No warnings detected
Klipper Version: v0.11.0-251-gfee385da-dirty
2023-08-07 10:05:25,808 [authorization.py:_prune_conn_handler()] - Trusted Connection Expired, IP: 127.0.0.1
2023-08-07 10:30:27,045 [authorization.py:_check_trusted_connection()] - Trusted Connection Detected, IP: 10.133.8.66
2023-08-07 10:30:27,047 [app.py:log_request()] - 101 GET /websocket (10.133.8.66) [_TRUSTED_USER_] 3.09ms
2023-08-07 10:30:27,047 [websockets.py:open()] - Websocket Opened: ID: 3886983608, Proxied: True, User Agent: Mozilla/5.0 (Windows NT 10.0; Win64; x64) AppleWebKit/537.36 (KHTML, like Gecko) Chrome/115.0.0.0 Safari/537.36, Host Name: vorongreen.hg.sensata.com
2023-08-07 10:30:27,077 [websockets.py:_handle_identify()] - Websocket 3886983608 Client Identified - Name: mainsail, Version: 2.6.2, Type: web
2023-08-07 10:33:42,240 [app.py:prepare()] - Upload Request Received from 10.133.8.66
2023-08-07 10:33:42,244 [app.py:post()] - Processing Uploaded File: homing.cfg
2023-08-07 10:33:42,250 [app.py:log_request()] - 201 POST /server/files/upload (10.133.8.66) [_TRUSTED_USER_] 12.00ms
2023-08-07 10:34:04,304 [app.py:prepare()] - Upload Request Received from 10.133.8.66
2023-08-07 10:34:04,307 [app.py:post()] - Processing Uploaded File: overrides.cfg
2023-08-07 10:34:04,311 [app.py:log_request()] - 201 POST /server/files/upload (10.133.8.66) [_TRUSTED_USER_] 8.69ms
2023-08-07 10:34:05,380 [klippy_connection.py:_on_connection_closed()] - Klippy Connection Removed
2023-08-07 10:34:06,638 [klippy_connection.py:_do_connect()] - Klippy Connection Established
2023-08-07 10:34:08,898 [authorization.py:_check_trusted_connection()] - Trusted Connection Detected, IP: 127.0.0.1
2023-08-07 10:34:08,911 [app.py:log_request()] - 404 GET /machine/device_power/devices (127.0.0.1) [No User] 2.52ms
2023-08-07 10:34:09,364 [file_manager.py:get_file_list()] - Updating File List <gcodes>...
2023-08-07 10:34:10,696 [klippy_connection.py:_request_initial_subscriptions()] - Webhooks Subscribed
2023-08-07 10:34:10,699 [klippy_connection.py:_request_initial_subscriptions()] - GCode Output Subscribed
2023-08-07 10:34:10,946 [job_state.py:_handle_started()] - Job state initialized: standby
2023-08-07 10:34:11,218 [klippy_connection.py:_check_ready()] - Klippy ready
2023-08-07 10:34:11,709 [data_store.py:_init_sensors()] - Configuring available sensors: ['heater_bed', 'temperature_sensor RaspberryPi', 'temperature_sensor mcu', 'temperature_sensor Chamber', 'z_thermal_adjust', 'extruder']
2023-08-07 10:34:47,922 [app.py:prepare()] - Upload Request Received from 10.133.8.66
2023-08-07 10:34:47,925 [app.py:post()] - Processing Uploaded File: overrides.cfg
2023-08-07 10:34:47,930 [app.py:log_request()] - 201 POST /server/files/upload (10.133.8.66) [_TRUSTED_USER_] 8.70ms
2023-08-07 10:35:05,689 [app.py:prepare()] - Upload Request Received from 10.133.8.66
2023-08-07 10:35:05,692 [app.py:post()] - Processing Uploaded File: homing.cfg
2023-08-07 10:35:05,698 [app.py:log_request()] - 201 POST /server/files/upload (10.133.8.66) [_TRUSTED_USER_] 10.00ms
2023-08-07 10:35:06,765 [klippy_connection.py:_on_connection_closed()] - Klippy Connection Removed
2023-08-07 10:35:08,024 [klippy_connection.py:_do_connect()] - Klippy Connection Established
2023-08-07 10:35:09,912 [app.py:log_request()] - 404 GET /machine/device_power/devices (127.0.0.1) [No User] 1.91ms
2023-08-07 10:35:10,641 [file_manager.py:get_file_list()] - Updating File List <gcodes>...
2023-08-07 10:35:11,978 [klippy_connection.py:_request_initial_subscriptions()] - Webhooks Subscribed
2023-08-07 10:35:11,983 [klippy_connection.py:_request_initial_subscriptions()] - GCode Output Subscribed
2023-08-07 10:35:12,231 [job_state.py:_handle_started()] - Job state initialized: standby
2023-08-07 10:35:12,498 [klippy_connection.py:_check_ready()] - Klippy ready
2023-08-07 10:35:13,001 [data_store.py:_init_sensors()] - Configuring available sensors: ['heater_bed', 'temperature_sensor RaspberryPi', 'temperature_sensor mcu', 'temperature_sensor Chamber', 'z_thermal_adjust', 'extruder']
2023-08-07 10:48:46,847 [app.py:prepare()] - Upload Request Received from 10.133.8.66
2023-08-07 10:48:46,849 [app.py:post()] - Processing Uploaded File: moonraker.conf
2023-08-07 10:48:46,857 [app.py:log_request()] - 201 POST /server/files/upload (10.133.8.66) [_TRUSTED_USER_] 11.56ms
2023-08-07 10:48:46,967 [websockets.py:on_close()] - Websocket Closed: ID: 3906825688 Close Code: 1000, Close Reason: None, Pong Time Elapsed: 4.48
2023-08-07 10:48:46,969 [websockets.py:on_close()] - Websocket Closed: ID: 3886983608 Close Code: 1001, Close Reason: Server Shutdown, Pong Time Elapsed: 9.92
2023-08-07 10:48:46,972 [klippy_connection.py:_on_connection_closed()] - Klippy Connection Removed
2023-08-07 10:48:46,985 [database.py:close()] - Database statistics:

announcements:
psize: 4096
depth: 0
branch_pages: 0
leaf_pages: 0
overflow_pages: 0
entries: 0
authorized_users:
psize: 4096
depth: 1
branch_pages: 0
leaf_pages: 1
overflow_pages: 0
entries: 1
gcode_metadata:
psize: 4096
depth: 0
branch_pages: 0
leaf_pages: 0
overflow_pages: 0
entries: 0
history:
psize: 4096
depth: 0
branch_pages: 0
leaf_pages: 0
overflow_pages: 0
entries: 0
mainsail:
psize: 4096
depth: 1
branch_pages: 0
leaf_pages: 1
overflow_pages: 0
entries: 8
moonraker:
psize: 4096
depth: 1
branch_pages: 0
leaf_pages: 1
overflow_pages: 0
entries: 6
update_manager:
psize: 4096
depth: 2
branch_pages: 1
leaf_pages: 3
overflow_pages: 0
entries: 7
webcams:
psize: 4096
depth: 1
branch_pages: 0
leaf_pages: 1
overflow_pages: 0
entries: 1
2023-08-07 10:48:47,561 [server.py:main()] - Attempting Server Restart...
2023-08-07 10:48:47,567 [confighelper.py:read_file()] - Configuration File '/home/pi/printer_data/config/moonraker.conf' parsed, total size: 3363 B
2023-08-07 10:48:47,567 [server.py:add_log_rollover_item()] - 
#################### Moonraker Configuration ####################

[server]
host = 0.0.0.0
port = 7125
klippy_uds_address = {data_path}/comms/klippy.sock
max_upload_size = 1024

[machine]
provider = systemd_dbus

[data_store]
temperature_store_size = 1200
gcode_store_size = 1000

[authorization]
force_logins = False
cors_domains = 
	*.local
	*.lan
	*://app.fluidd.xyz
	*://dev-app.fluidd.xyz
	*://my.mainsail.xyz
trusted_clients = 
	10.0.0.0/8
	127.0.0.0/8
	169.254.0.0/16
	172.16.0.0/12
	192.168.0.0/16
	FE80::/10
	::1/128

[history]

[octoprint_compat]

[update_manager]
enable_auto_refresh = True

[update_manager Klippain]
type = git_repo
path = ~/klippain_config
channel = beta
origin = https://github.com/Frix-x/klippain.git
primary_branch = main
managed_services = moonraker klipper
install_script = install.sh

[file_manager]
enable_object_processing = True

[update_manager client mainsail]
type = web
repo = mainsail-crew/mainsail
path = ~/mainsail

[update_manager klipper_tmc_autotune]
type = git_repo
channel = dev
path = ~/klipper_tmc_autotune
origin = https://github.com/andrewmcgr/klipper_tmc_autotune.git
managed_services = klipper
primary_branch = main
install_script = install.sh

[update_manager KlipperScreen]
type = git_repo
path = ~/KlipperScreen
origin = https://github.com/KlipperScreen/KlipperScreen.git
env = ~/.KlipperScreen-env/bin/python
requirements = scripts/KlipperScreen-requirements.txt
install_script = scripts/KlipperScreen-install.sh
managed_services = KlipperScreen

[update_manager client klipper-backup]
type = git_repo
path = ~/klipper-backup
origin = https://github.com/Staubgeborener/klipper-backup.git
install_script = install.sh
is_system_service = False
primary_branch = main

#################################################################
All Configuration Files:
/home/pi/printer_data/config/moonraker.conf
/home/pi/printer_data/config/moonraker/base.conf
/home/pi/printer_data/config/moonraker/exclude_object.conf
/home/pi/printer_data/config/moonraker/mainsail.conf
#################################################################
2023-08-07 10:48:47,570 [app.py:register_local_handler()] - Registering HTTP Endpoint: (POST) /server/logs/rollover
2023-08-07 10:48:47,570 [websockets.py:register_api_handler()] - Registering Websocket JSON-RPC methods: server.logs.rollover
2023-08-07 10:48:47,570 [app.py:register_local_handler()] - Registering HTTP Endpoint: (GET) /server/info
2023-08-07 10:48:47,571 [websockets.py:register_api_handler()] - Registering Websocket JSON-RPC methods: server.info
2023-08-07 10:48:47,571 [app.py:register_local_handler()] - Registering HTTP Endpoint: (GET) /server/config
2023-08-07 10:48:47,571 [websockets.py:register_api_handler()] - Registering Websocket JSON-RPC methods: server.config
2023-08-07 10:48:47,571 [app.py:register_local_handler()] - Registering HTTP Endpoint: (POST) /server/restart
2023-08-07 10:48:47,571 [websockets.py:register_api_handler()] - Registering Websocket JSON-RPC methods: server.restart
2023-08-07 10:48:47,573 [server.py:load_component()] - Component (dbus_manager) loaded
2023-08-07 10:48:47,575 [server.py:add_log_rollover_item()] - Unsafe Shutdown Count: 4
2023-08-07 10:48:47,588 [app.py:register_local_handler()] - Registering HTTP Endpoint: (GET) /server/database/list
2023-08-07 10:48:47,588 [websockets.py:register_api_handler()] - Registering Websocket JSON-RPC methods: server.database.list
2023-08-07 10:48:47,588 [app.py:register_local_handler()] - Registering HTTP Endpoint: (GET POST DELETE) /server/database/item
2023-08-07 10:48:47,588 [websockets.py:register_api_handler()] - Registering Websocket JSON-RPC methods: server.database.get_item, server.database.post_item, server.database.delete_item
2023-08-07 10:48:47,588 [server.py:load_component()] - Component (database) loaded
2023-08-07 10:48:47,591 [file_manager.py:__init__()] - Using File System Observer: inotify
2023-08-07 10:48:47,602 [app.py:register_local_handler()] - Registering HTTP Endpoint: (GET) /server/files/list
2023-08-07 10:48:47,603 [websockets.py:register_api_handler()] - Registering Websocket JSON-RPC methods: server.files.list
2023-08-07 10:48:47,603 [app.py:register_local_handler()] - Registering HTTP Endpoint: (GET) /server/files/metadata
2023-08-07 10:48:47,603 [websockets.py:register_api_handler()] - Registering Websocket JSON-RPC methods: server.files.metadata
2023-08-07 10:48:47,603 [app.py:register_local_handler()] - Registering HTTP Endpoint: (POST) /server/files/metascan
2023-08-07 10:48:47,603 [websockets.py:register_api_handler()] - Registering Websocket JSON-RPC methods: server.files.metascan
2023-08-07 10:48:47,603 [app.py:register_local_handler()] - Registering HTTP Endpoint: (GET) /server/files/thumbnails
2023-08-07 10:48:47,603 [websockets.py:register_api_handler()] - Registering Websocket JSON-RPC methods: server.files.thumbnails
2023-08-07 10:48:47,603 [app.py:register_local_handler()] - Registering HTTP Endpoint: (GET) /server/files/roots
2023-08-07 10:48:47,603 [websockets.py:register_api_handler()] - Registering Websocket JSON-RPC methods: server.files.roots
2023-08-07 10:48:47,603 [app.py:register_local_handler()] - Registering HTTP Endpoint: (GET POST DELETE) /server/files/directory
2023-08-07 10:48:47,604 [websockets.py:register_api_handler()] - Registering Websocket JSON-RPC methods: server.files.get_directory, server.files.post_directory, server.files.delete_directory
2023-08-07 10:48:47,604 [app.py:register_local_handler()] - Registering HTTP Endpoint: (POST) /server/files/move
2023-08-07 10:48:47,604 [websockets.py:register_api_handler()] - Registering Websocket JSON-RPC methods: server.files.move
2023-08-07 10:48:47,604 [app.py:register_local_handler()] - Registering HTTP Endpoint: (POST) /server/files/copy
2023-08-07 10:48:47,604 [websockets.py:register_api_handler()] - Registering Websocket JSON-RPC methods: server.files.copy
2023-08-07 10:48:47,604 [app.py:register_local_handler()] - Registering HTTP Endpoint: (POST) /server/files/zip
2023-08-07 10:48:47,604 [websockets.py:register_api_handler()] - Registering Websocket JSON-RPC methods: server.files.zip
2023-08-07 10:48:47,604 [websockets.py:register_api_handler()] - Registering Websocket JSON-RPC methods: server.files.delete_file
2023-08-07 10:48:47,607 [server.py:load_component()] - Component (file_manager) loaded
2023-08-07 10:48:47,608 [app.py:register_local_handler()] - Registering HTTP Endpoint: (POST) /printer/print/pause
2023-08-07 10:48:47,608 [websockets.py:register_api_handler()] - Registering Websocket JSON-RPC methods: printer.print.pause
2023-08-07 10:48:47,608 [app.py:register_local_handler()] - Registering HTTP Endpoint: (POST) /printer/print/resume
2023-08-07 10:48:47,608 [websockets.py:register_api_handler()] - Registering Websocket JSON-RPC methods: printer.print.resume
2023-08-07 10:48:47,608 [app.py:register_local_handler()] - Registering HTTP Endpoint: (POST) /printer/print/cancel
2023-08-07 10:48:47,608 [websockets.py:register_api_handler()] - Registering Websocket JSON-RPC methods: printer.print.cancel
2023-08-07 10:48:47,608 [app.py:register_local_handler()] - Registering HTTP Endpoint: (POST) /printer/print/start
2023-08-07 10:48:47,608 [websockets.py:register_api_handler()] - Registering Websocket JSON-RPC methods: printer.print.start
2023-08-07 10:48:47,609 [app.py:register_local_handler()] - Registering HTTP Endpoint: (POST) /printer/restart
2023-08-07 10:48:47,609 [websockets.py:register_api_handler()] - Registering Websocket JSON-RPC methods: printer.restart
2023-08-07 10:48:47,609 [app.py:register_local_handler()] - Registering HTTP Endpoint: (POST) /printer/firmware_restart
2023-08-07 10:48:47,609 [websockets.py:register_api_handler()] - Registering Websocket JSON-RPC methods: printer.firmware_restart
2023-08-07 10:48:47,609 [server.py:load_component()] - Component (klippy_apis) loaded
2023-08-07 10:48:47,611 [server.py:load_component()] - Component (secrets) loaded
2023-08-07 10:48:47,612 [server.py:load_component()] - Component (template) loaded
2023-08-07 10:48:47,634 [server.py:add_log_rollover_item()] - 
System Info:

***python***
  version: sys.version_info(major=3, minor=9, micro=2, releaselevel='final', serial=0)
  version_string: 3.9.2 (default, Mar 12 2021, 04:06:34)  [GCC 10.2.1 20210110]

***cpu_info***
  cpu_count: 4
  bits: 32bit
  processor: aarch64
  cpu_desc: 
  serial_number: 10000000dee09280
  hardware_desc: BCM2835
  model: Raspberry Pi 4 Model B Rev 1.5
  total_memory: 1713724
  memory_units: kB

***sd_info***
  manufacturer_id: 27
  manufacturer: Unknown
  oem_id: 5048
  product_name: SD32G
  product_revision: 6.0
  serial_number: 23904cb0
  manufacturer_date: 1/2022
  capacity: 28.8 GiB
  total_bytes: 30941380608

***distribution***
  name: Raspbian GNU/Linux 11 (bullseye)
  id: raspbian
  version: 11
  version_parts: {'major': '11', 'minor': '', 'build_number': ''}
  like: debian
  codename: bullseye
  release_info: {'name': 'MainsailOS', 'version_id': '1.2.1', 'codename': 'bullseye', 'id': 'mainsailos'}

***virtualization***
  virt_type: none
  virt_identifier: none

***network***

***canbus***

***Allowed Services***
  klipper_mcu
  webcamd
  MoonCord
  KlipperScreen
  moonraker-telegram-bot
  moonraker-obico
  sonar
  crowsnest
  octoeverywhere
  ratos-configurator
2023-08-07 10:48:47,635 [server.py:load_component()] - Component (shell_command) loaded
2023-08-07 10:48:47,635 [machine.py:__init__()] - Using System Provider: systemd_dbus
2023-08-07 10:48:47,636 [app.py:register_local_handler()] - Registering HTTP Endpoint: (POST) /machine/reboot
2023-08-07 10:48:47,636 [websockets.py:register_api_handler()] - Registering Websocket JSON-RPC methods: machine.reboot
2023-08-07 10:48:47,636 [app.py:register_local_handler()] - Registering HTTP Endpoint: (POST) /machine/shutdown
2023-08-07 10:48:47,636 [websockets.py:register_api_handler()] - Registering Websocket JSON-RPC methods: machine.shutdown
2023-08-07 10:48:47,636 [app.py:register_local_handler()] - Registering HTTP Endpoint: (POST) /machine/services/restart
2023-08-07 10:48:47,636 [websockets.py:register_api_handler()] - Registering Websocket JSON-RPC methods: machine.services.restart
2023-08-07 10:48:47,637 [app.py:register_local_handler()] - Registering HTTP Endpoint: (POST) /machine/services/stop
2023-08-07 10:48:47,637 [websockets.py:register_api_handler()] - Registering Websocket JSON-RPC methods: machine.services.stop
2023-08-07 10:48:47,637 [app.py:register_local_handler()] - Registering HTTP Endpoint: (POST) /machine/services/start
2023-08-07 10:48:47,637 [websockets.py:register_api_handler()] - Registering Websocket JSON-RPC methods: machine.services.start
2023-08-07 10:48:47,637 [app.py:register_local_handler()] - Registering HTTP Endpoint: (GET) /machine/system_info
2023-08-07 10:48:47,637 [websockets.py:register_api_handler()] - Registering Websocket JSON-RPC methods: machine.system_info
2023-08-07 10:48:47,637 [app.py:register_local_handler()] - Registering HTTP Endpoint: (GET) /machine/sudo/info
2023-08-07 10:48:47,637 [websockets.py:register_api_handler()] - Registering Websocket JSON-RPC methods: machine.sudo.info
2023-08-07 10:48:47,637 [app.py:register_local_handler()] - Registering HTTP Endpoint: (POST) /machine/sudo/password
2023-08-07 10:48:47,637 [websockets.py:register_api_handler()] - Registering Websocket JSON-RPC methods: machine.sudo.password
2023-08-07 10:48:47,638 [server.py:load_component()] - Component (machine) loaded
2023-08-07 10:48:47,639 [app.py:register_local_handler()] - Registering HTTP Endpoint: (GET) /server/temperature_store
2023-08-07 10:48:47,639 [websockets.py:register_api_handler()] - Registering Websocket JSON-RPC methods: server.temperature_store
2023-08-07 10:48:47,639 [app.py:register_local_handler()] - Registering HTTP Endpoint: (GET) /server/gcode_store
2023-08-07 10:48:47,640 [websockets.py:register_api_handler()] - Registering Websocket JSON-RPC methods: server.gcode_store
2023-08-07 10:48:47,640 [server.py:load_component()] - Component (data_store) loaded
2023-08-07 10:48:47,640 [proc_stats.py:__init__()] - Detected 'vcgencmd', throttle checking enabled
2023-08-07 10:48:47,641 [app.py:register_local_handler()] - Registering HTTP Endpoint: (GET) /machine/proc_stats
2023-08-07 10:48:47,641 [websockets.py:register_api_handler()] - Registering Websocket JSON-RPC methods: machine.proc_stats
2023-08-07 10:48:47,641 [server.py:load_component()] - Component (proc_stats) loaded
2023-08-07 10:48:47,641 [server.py:load_component()] - Component (job_state) loaded
2023-08-07 10:48:47,642 [app.py:register_local_handler()] - Registering HTTP Endpoint: (POST DELETE) /server/job_queue/job
2023-08-07 10:48:47,642 [websockets.py:register_api_handler()] - Registering Websocket JSON-RPC methods: server.job_queue.post_job, server.job_queue.delete_job
2023-08-07 10:48:47,642 [app.py:register_local_handler()] - Registering HTTP Endpoint: (POST) /server/job_queue/pause
2023-08-07 10:48:47,642 [websockets.py:register_api_handler()] - Registering Websocket JSON-RPC methods: server.job_queue.pause
2023-08-07 10:48:47,642 [app.py:register_local_handler()] - Registering HTTP Endpoint: (POST) /server/job_queue/start
2023-08-07 10:48:47,642 [websockets.py:register_api_handler()] - Registering Websocket JSON-RPC methods: server.job_queue.start
2023-08-07 10:48:47,642 [app.py:register_local_handler()] - Registering HTTP Endpoint: (GET) /server/job_queue/status
2023-08-07 10:48:47,642 [websockets.py:register_api_handler()] - Registering Websocket JSON-RPC methods: server.job_queue.status
2023-08-07 10:48:47,642 [app.py:register_local_handler()] - Registering HTTP Endpoint: (POST) /server/job_queue/jump
2023-08-07 10:48:47,642 [websockets.py:register_api_handler()] - Registering Websocket JSON-RPC methods: server.job_queue.jump
2023-08-07 10:48:47,642 [server.py:load_component()] - Component (job_queue) loaded
2023-08-07 10:48:47,643 [server.py:load_component()] - Component (http_client) loaded
2023-08-07 10:48:47,643 [app.py:register_local_handler()] - Registering HTTP Endpoint: (GET) /server/announcements/list
2023-08-07 10:48:47,644 [websockets.py:register_api_handler()] - Registering Websocket JSON-RPC methods: server.announcements.list
2023-08-07 10:48:47,644 [app.py:register_local_handler()] - Registering HTTP Endpoint: (POST) /server/announcements/dismiss
2023-08-07 10:48:47,644 [websockets.py:register_api_handler()] - Registering Websocket JSON-RPC methods: server.announcements.dismiss
2023-08-07 10:48:47,644 [app.py:register_local_handler()] - Registering HTTP Endpoint: (POST) /server/announcements/update
2023-08-07 10:48:47,644 [websockets.py:register_api_handler()] - Registering Websocket JSON-RPC methods: server.announcements.update
2023-08-07 10:48:47,644 [app.py:register_local_handler()] - Registering HTTP Endpoint: (POST DELETE) /server/announcements/feed
2023-08-07 10:48:47,644 [websockets.py:register_api_handler()] - Registering Websocket JSON-RPC methods: server.announcements.post_feed, server.announcements.delete_feed
2023-08-07 10:48:47,644 [app.py:register_local_handler()] - Registering HTTP Endpoint: (GET) /server/announcements/feeds
2023-08-07 10:48:47,644 [websockets.py:register_api_handler()] - Registering Websocket JSON-RPC methods: server.announcements.feeds
2023-08-07 10:48:47,644 [server.py:load_component()] - Component (announcements) loaded
2023-08-07 10:48:47,645 [app.py:register_local_handler()] - Registering HTTP Endpoint: (GET) /server/webcams/list
2023-08-07 10:48:47,645 [websockets.py:register_api_handler()] - Registering Websocket JSON-RPC methods: server.webcams.list
2023-08-07 10:48:47,645 [app.py:register_local_handler()] - Registering HTTP Endpoint: (GET POST DELETE) /server/webcams/item
2023-08-07 10:48:47,646 [websockets.py:register_api_handler()] - Registering Websocket JSON-RPC methods: server.webcams.get_item, server.webcams.post_item, server.webcams.delete_item
2023-08-07 10:48:47,647 [app.py:register_local_handler()] - Registering HTTP Endpoint: (POST) /server/webcams/test
2023-08-07 10:48:47,648 [websockets.py:register_api_handler()] - Registering Websocket JSON-RPC methods: server.webcams.test
2023-08-07 10:48:47,649 [server.py:load_component()] - Component (webcam) loaded
2023-08-07 10:48:47,653 [websockets.py:register_api_handler()] - Registering Websocket JSON-RPC methods: connection.send_event
2023-08-07 10:48:47,653 [app.py:register_local_handler()] - Registering HTTP Endpoint: (GET) /server/extensions/list
2023-08-07 10:48:47,653 [websockets.py:register_api_handler()] - Registering Websocket JSON-RPC methods: server.extensions.list
2023-08-07 10:48:47,654 [app.py:register_local_handler()] - Registering HTTP Endpoint: (POST) /server/extensions/request
2023-08-07 10:48:47,654 [websockets.py:register_api_handler()] - Registering Websocket JSON-RPC methods: server.extensions.request
2023-08-07 10:48:47,654 [server.py:load_component()] - Component (extensions) loaded
2023-08-07 10:48:47,654 [app.py:register_local_handler()] - Registering HTTP Endpoint: (GET DELETE) /server/history/job
2023-08-07 10:48:47,655 [websockets.py:register_api_handler()] - Registering Websocket JSON-RPC methods: server.history.get_job, server.history.delete_job
2023-08-07 10:48:47,655 [app.py:register_local_handler()] - Registering HTTP Endpoint: (GET) /server/history/list
2023-08-07 10:48:47,655 [websockets.py:register_api_handler()] - Registering Websocket JSON-RPC methods: server.history.list
2023-08-07 10:48:47,655 [app.py:register_local_handler()] - Registering HTTP Endpoint: (GET) /server/history/totals
2023-08-07 10:48:47,655 [websockets.py:register_api_handler()] - Registering Websocket JSON-RPC methods: server.history.totals
2023-08-07 10:48:47,655 [app.py:register_local_handler()] - Registering HTTP Endpoint: (POST) /server/history/reset_totals
2023-08-07 10:48:47,655 [websockets.py:register_api_handler()] - Registering Websocket JSON-RPC methods: server.history.reset_totals
2023-08-07 10:48:47,655 [server.py:load_component()] - Component (history) loaded
2023-08-07 10:48:47,657 [authorization.py:__init__()] - Authorization Configuration Loaded
Trusted Clients:
10.0.0.0/8
127.0.0.0/8
169.254.0.0/16
172.16.0.0/12
192.168.0.0/16
fe80::/10
::1/128
CORS Domains:
.*\.local
.*\.lan
.*://app\.fluidd\.xyz
.*://dev-app\.fluidd\.xyz
.*://my\.mainsail\.xyz
2023-08-07 10:48:47,657 [app.py:register_local_handler()] - Registering HTTP Endpoint: (POST) /access/login
2023-08-07 10:48:47,658 [websockets.py:register_api_handler()] - Registering Websocket JSON-RPC methods: access.login
2023-08-07 10:48:47,658 [app.py:register_local_handler()] - Registering HTTP Endpoint: (POST) /access/logout
2023-08-07 10:48:47,658 [websockets.py:register_api_handler()] - Registering Websocket JSON-RPC methods: access.logout
2023-08-07 10:48:47,658 [app.py:register_local_handler()] - Registering HTTP Endpoint: (POST) /access/refresh_jwt
2023-08-07 10:48:47,658 [websockets.py:register_api_handler()] - Registering Websocket JSON-RPC methods: access.refresh_jwt
2023-08-07 10:48:47,658 [app.py:register_local_handler()] - Registering HTTP Endpoint: (GET POST DELETE) /access/user
2023-08-07 10:48:47,658 [websockets.py:register_api_handler()] - Registering Websocket JSON-RPC methods: access.get_user, access.post_user, access.delete_user
2023-08-07 10:48:47,658 [app.py:register_local_handler()] - Registering HTTP Endpoint: (GET) /access/users/list
2023-08-07 10:48:47,659 [websockets.py:register_api_handler()] - Registering Websocket JSON-RPC methods: access.users.list
2023-08-07 10:48:47,659 [app.py:register_local_handler()] - Registering HTTP Endpoint: (POST) /access/user/password
2023-08-07 10:48:47,659 [websockets.py:register_api_handler()] - Registering Websocket JSON-RPC methods: access.user.password
2023-08-07 10:48:47,659 [app.py:register_local_handler()] - Registering HTTP Endpoint: (GET POST) /access/api_key
2023-08-07 10:48:47,659 [websockets.py:register_api_handler()] - Registering Websocket JSON-RPC methods: access.get_api_key, access.post_api_key
2023-08-07 10:48:47,659 [app.py:register_local_handler()] - Registering HTTP Endpoint: (GET) /access/oneshot_token
2023-08-07 10:48:47,659 [websockets.py:register_api_handler()] - Registering Websocket JSON-RPC methods: access.oneshot_token
2023-08-07 10:48:47,659 [app.py:register_local_handler()] - Registering HTTP Endpoint: (GET) /access/info
2023-08-07 10:48:47,659 [websockets.py:register_api_handler()] - Registering Websocket JSON-RPC methods: access.info
2023-08-07 10:48:47,659 [server.py:load_component()] - Component (authorization) loaded
2023-08-07 10:48:47,660 [app.py:register_local_handler()] - Registering HTTP Endpoint: (GET) /api/version
2023-08-07 10:48:47,660 [app.py:register_local_handler()] - Registering HTTP Endpoint: (GET) /api/server
2023-08-07 10:48:47,660 [app.py:register_local_handler()] - Registering HTTP Endpoint: (POST) /api/login
2023-08-07 10:48:47,660 [app.py:register_local_handler()] - Registering HTTP Endpoint: (GET) /api/currentuser
2023-08-07 10:48:47,660 [app.py:register_local_handler()] - Registering HTTP Endpoint: (GET) /api/settings
2023-08-07 10:48:47,660 [app.py:register_local_handler()] - Registering HTTP Endpoint: (GET) /api/job
2023-08-07 10:48:47,660 [app.py:register_local_handler()] - Registering HTTP Endpoint: (GET) /api/printer
2023-08-07 10:48:47,660 [app.py:register_local_handler()] - Registering HTTP Endpoint: (POST) /api/printer/command
2023-08-07 10:48:47,661 [app.py:register_local_handler()] - Registering HTTP Endpoint: (GET) /api/printerprofiles
2023-08-07 10:48:47,661 [app.py:register_local_handler()] - Registering HTTP Endpoint: (POST) /api/files/moonraker/(?P<relative_path>.+)
2023-08-07 10:48:47,661 [server.py:load_component()] - Component (octoprint_compat) loaded
2023-08-07 10:48:47,665 [base_deploy.py:log_info()] - Git Repo moonraker: Detected virtualenv: /home/pi/moonraker-env
2023-08-07 10:48:47,668 [base_deploy.py:log_info()] - Git Repo klipper: Detected virtualenv: /home/pi/klippy-env
2023-08-07 10:48:47,675 [base_deploy.py:log_info()] - Git Repo KlipperScreen: Option 'env' is deprecated, use 'virtualenv' instead.
2023-08-07 10:48:47,676 [base_deploy.py:log_info()] - Git Repo KlipperScreen: Detected virtualenv: /home/pi/.KlipperScreen-env
2023-08-07 10:48:47,679 [app.py:register_local_handler()] - Registering HTTP Endpoint: (POST) /machine/update/moonraker
2023-08-07 10:48:47,679 [websockets.py:register_api_handler()] - Registering Websocket JSON-RPC methods: machine.update.moonraker
2023-08-07 10:48:47,679 [app.py:register_local_handler()] - Registering HTTP Endpoint: (POST) /machine/update/klipper
2023-08-07 10:48:47,679 [websockets.py:register_api_handler()] - Registering Websocket JSON-RPC methods: machine.update.klipper
2023-08-07 10:48:47,679 [app.py:register_local_handler()] - Registering HTTP Endpoint: (POST) /machine/update/system
2023-08-07 10:48:47,679 [websockets.py:register_api_handler()] - Registering Websocket JSON-RPC methods: machine.update.system
2023-08-07 10:48:47,679 [app.py:register_local_handler()] - Registering HTTP Endpoint: (POST) /machine/update/client
2023-08-07 10:48:47,679 [websockets.py:register_api_handler()] - Registering Websocket JSON-RPC methods: machine.update.client
2023-08-07 10:48:47,680 [app.py:register_local_handler()] - Registering HTTP Endpoint: (POST) /machine/update/full
2023-08-07 10:48:47,680 [websockets.py:register_api_handler()] - Registering Websocket JSON-RPC methods: machine.update.full
2023-08-07 10:48:47,680 [app.py:register_local_handler()] - Registering HTTP Endpoint: (GET) /machine/update/status
2023-08-07 10:48:47,680 [websockets.py:register_api_handler()] - Registering Websocket JSON-RPC methods: machine.update.status
2023-08-07 10:48:47,680 [app.py:register_local_handler()] - Registering HTTP Endpoint: (POST) /machine/update/refresh
2023-08-07 10:48:47,680 [websockets.py:register_api_handler()] - Registering Websocket JSON-RPC methods: machine.update.refresh
2023-08-07 10:48:47,680 [app.py:register_local_handler()] - Registering HTTP Endpoint: (POST) /machine/update/recover
2023-08-07 10:48:47,680 [websockets.py:register_api_handler()] - Registering Websocket JSON-RPC methods: machine.update.recover
2023-08-07 10:48:47,680 [app.py:register_local_handler()] - Registering HTTP Endpoint: (POST) /machine/update/rollback
2023-08-07 10:48:47,680 [websockets.py:register_api_handler()] - Registering Websocket JSON-RPC methods: machine.update.rollback
2023-08-07 10:48:47,680 [server.py:load_component()] - Component (update_manager) loaded
2023-08-07 10:48:47,685 [server.py:_initialize_component()] - Performing Component Post Init: [dbus_manager]
2023-08-07 10:48:47,697 [server.py:_initialize_component()] - Performing Component Post Init: [file_manager]
2023-08-07 10:48:47,727 [server.py:_initialize_component()] - Performing Component Post Init: [machine]
2023-08-07 10:48:47,727 [machine.py:validation_init()] - Installation version in database up to date
2023-08-07 10:48:47,994 [machine.py:check_virt_status()] - No Virtualization Detected
2023-08-07 10:48:48,006 [machine.py:_find_public_ip()] - Detected Local IP: 10.133.8.52
2023-08-07 10:48:48,008 [webcam.py:_set_default_host_ip()] - Default public webcam address set: http://10.133.8.52
2023-08-07 10:48:48,063 [server.py:add_log_rollover_item()] - 
Systemd unit moonraker.service:
unit_name: moonraker.service
is_default: True
manager: systemd
Properties:
**Requires=['system.slice', 'network-online.target', 'sysinit.target']
**After=['systemd-journald.socket', 'sysinit.target', 'klipper.service', 'network-online.target', 'system.slice', 'basic.target']
**SupplementaryGroups=['moonraker-admin']
**EnvironmentFiles=/home/pi/printer_data/systemd/moonraker.env
**ExecStart=/home/pi/moonraker-env/bin/python $MOONRAKER_ARGS
**WorkingDirectory=
**FragmentPath=/etc/systemd/system/moonraker.service
**Description=API Server for Klipper SV1
**User=pi
2023-08-07 10:48:48,063 [server.py:_initialize_component()] - Performing Component Post Init: [proc_stats]
2023-08-07 10:48:48,063 [server.py:_initialize_component()] - Performing Component Post Init: [announcements]
2023-08-07 10:48:48,064 [server.py:_initialize_component()] - Performing Component Post Init: [webcam]
2023-08-07 10:48:48,064 [webcam.py:_set_default_host_ip()] - Default public webcam address set: http://10.133.8.52
2023-08-07 10:48:48,065 [server.py:_initialize_component()] - Performing Component Post Init: [klippy_connection]
2023-08-07 10:48:48,065 [server.py:add_log_rollover_item()] - 
Systemd unit klipper.service:
unit_name: klipper.service
is_default: True
manager: systemd
Properties:
**Requires=['-.mount', 'sysinit.target', 'system.slice']
**After=['systemd-journald.socket', 'sysinit.target', '-.mount', 'network-online.target', 'system.slice', 'klipper-mcu.service', 'basic.target']
**SupplementaryGroups=[]
**EnvironmentFiles=/home/pi/printer_data/systemd/klipper.env
**ExecStart=/home/pi/klippy-env/bin/python $KLIPPER_ARGS
**WorkingDirectory=/home/pi/klipper
**FragmentPath=/etc/systemd/system/klipper.service
**Description=Klipper 3D Printer Firmware SV1
**User=pi
2023-08-07 10:48:48,066 [server.py:_initialize_component()] - Performing Component Post Init: [authorization]
2023-08-07 10:48:48,066 [server.py:_initialize_component()] - Performing Component Post Init: [update_manager]
2023-08-07 10:48:48,117 [base_deploy.py:log_info()] - PackageDeploy: PackageKit Provider Configured
2023-08-07 10:48:48,118 [base_deploy.py:log_info()] - Git Repo moonraker: Stored pip version: 20.3.4
2023-08-07 10:48:48,647 [git_deploy.py:log_repo_info()] - Git Repo moonraker Detected:
Owner: Arksine
Repository Name: moonraker
Path: /home/pi/moonraker
Remote: origin
Branch: master
Remote URL: https://github.com/Arksine/moonraker.git
Recovery URL: https://github.com/Arksine/moonraker.git
Current Commit SHA: 797c62389d31de2ec6c386af83b9cd0957f50068
Upstream Commit SHA: 797c62389d31de2ec6c386af83b9cd0957f50068
Current Version: v0.8.0-136-g797c6238
Upstream Version: v0.8.0-136-g797c6238
Rollback Commit: 937c766ded8213d43ff58bde5355e31e13e35b88
Rollback Branch: master
Rollback Version: v0.8.0-125-g937c766d
Is Dirty: False
Is Detached: False
Is Shallow: False
Commits Behind Count: 0
Diverged: False
Repo Warnings:
  Repo has untracked source files: ['moonraker/components/timelapse.py']
2023-08-07 10:48:49,171 [git_deploy.py:log_repo_info()] - Git Repo klipper Detected:
Owner: Klipper3d
Repository Name: klipper
Path: /home/pi/klipper
Remote: origin
Branch: master
Remote URL: https://github.com/Klipper3d/klipper.git
Recovery URL: https://github.com/Klipper3d/klipper.git
Current Commit SHA: fee385dad84acb1d6c763f620480cf67eab7cad7
Upstream Commit SHA: fee385dad84acb1d6c763f620480cf67eab7cad7
Current Version: v0.11.0-251-gfee385da
Upstream Version: v0.11.0-251-gfee385da
Rollback Commit: ba4eed175df761e42ce2d6eb2692b82d8d1c779a
Rollback Branch: master
Rollback Version: v0.11.0-249-gba4eed17
Is Dirty: False
Is Detached: False
Is Shallow: False
Commits Behind Count: 0
Diverged: False
Repo Warnings:
  Repo has untracked source files: ['klippy/extras/autotune_tmc.py', 'klippy/extras/gcode_shell_command.py', 'klippy/extras/motor_constants.py']
2023-08-07 10:48:49,700 [web_deploy.py:_log_client_info()] - Web Client mainsail Detected:
Repo: mainsail-crew/mainsail
Channel: stable
Path: /home/pi/mainsail
Local Version: v2.6.2
Remote Version: v2.6.2
Valid: True
Fallback Client Detected: False
Pre-release: False
Download Url: https://github.com/mainsail-crew/mainsail/releases/download/v2.6.2/mainsail.zip
Download Size: 2111282
Content Type: application/zip
Rollback Version: v2.6.1
Rollback Repo: mainsail-crew/mainsail
2023-08-07 10:48:50,227 [base_deploy.py:log_info()] - Git Repo KlipperScreen: Stored pip version: 20.3.4
2023-08-07 10:48:50,765 [git_deploy.py:log_repo_info()] - Git Repo KlipperScreen Detected:
Owner: KlipperScreen
Repository Name: KlipperScreen
Path: /home/pi/KlipperScreen
Remote: origin
Branch: master
Remote URL: https://github.com/KlipperScreen/KlipperScreen.git
Recovery URL: https://github.com/KlipperScreen/KlipperScreen.git
Current Commit SHA: 520ba44c961e3ec6c15a9249e06e1e0ac98e770a
Upstream Commit SHA: 520ba44c961e3ec6c15a9249e06e1e0ac98e770a
Current Version: v0.3.4-5-g520ba44c
Upstream Version: v0.3.4-5-g520ba44c
Rollback Commit: 304e285b7f8e167884fbbdb49044e9debc8e7f7e
Rollback Branch: master
Rollback Version: v0.3.3-10-g304e285b
Is Dirty: False
Is Detached: False
Is Shallow: False
Commits Behind Count: 0
Diverged: False
2023-08-07 10:48:50,783 [confighelper.py:create_backup()] - Backing up last working configuration to '/home/pi/printer_data/config/.moonraker.conf.bkp'
2023-08-07 10:48:50,790 [extensions.py:start_unix_server()] - Creating Unix Domain Socket at '/home/pi/printer_data/comms/moonraker.sock'
2023-08-07 10:48:50,791 [server.py:start_server()] - Starting Moonraker on (0.0.0.0, 7125), Hostname: vorongreen
2023-08-07 10:48:50,793 [app.py:listen()] - SSL Certificate/Key not configured, aborting HTTPS Server startup
2023-08-07 10:48:51,046 [klippy_connection.py:_do_connect()] - Klippy Connection Established
2023-08-07 10:48:51,369 [server.py:add_log_rollover_item()] - Klipper Version: v0.11.0-251-gfee385da-dirty
2023-08-07 10:48:51,378 [app.py:register_remote_handler()] - Registering HTTP endpoint: (GET POST) /printer/info
2023-08-07 10:48:51,378 [websockets.py:register_api_handler()] - Registering Websocket JSON-RPC methods: printer.info
2023-08-07 10:48:51,378 [app.py:register_remote_handler()] - Registering HTTP endpoint: (GET POST) /printer/emergency_stop
2023-08-07 10:48:51,378 [websockets.py:register_api_handler()] - Registering Websocket JSON-RPC methods: printer.emergency_stop
2023-08-07 10:48:51,378 [app.py:register_remote_handler()] - Registering HTTP endpoint: (GET POST) /printer/gcode/help
2023-08-07 10:48:51,378 [websockets.py:register_api_handler()] - Registering Websocket JSON-RPC methods: printer.gcode.help
2023-08-07 10:48:51,378 [app.py:register_remote_handler()] - Registering HTTP endpoint: (GET POST) /printer/gcode/script
2023-08-07 10:48:51,379 [websockets.py:register_api_handler()] - Registering Websocket JSON-RPC methods: printer.gcode.script
2023-08-07 10:48:51,379 [app.py:register_remote_handler()] - Registering HTTP endpoint: (GET POST) /printer/gcode/restart
2023-08-07 10:48:51,379 [websockets.py:register_api_handler()] - Registering Websocket JSON-RPC methods: printer.gcode.restart
2023-08-07 10:48:51,379 [app.py:register_remote_handler()] - Registering HTTP endpoint: (GET POST) /printer/gcode/firmware_restart
2023-08-07 10:48:51,379 [websockets.py:register_api_handler()] - Registering Websocket JSON-RPC methods: printer.gcode.firmware_restart
2023-08-07 10:48:51,379 [app.py:register_remote_handler()] - Registering HTTP endpoint: (GET POST) /printer/objects/list
2023-08-07 10:48:51,379 [websockets.py:register_api_handler()] - Registering Websocket JSON-RPC methods: printer.objects.list
2023-08-07 10:48:51,379 [app.py:register_remote_handler()] - Registering HTTP endpoint: (GET POST) /printer/objects/query
2023-08-07 10:48:51,379 [websockets.py:register_api_handler()] - Registering Websocket JSON-RPC methods: printer.objects.query
2023-08-07 10:48:51,379 [app.py:register_remote_handler()] - Registering HTTP endpoint: (GET POST) /printer/objects/subscribe
2023-08-07 10:48:51,380 [websockets.py:register_api_handler()] - Registering Websocket JSON-RPC methods: printer.objects.subscribe
2023-08-07 10:48:51,380 [app.py:register_remote_handler()] - Registering HTTP endpoint: (GET POST) /printer/adxl345/dump_adxl345
2023-08-07 10:48:51,380 [websockets.py:register_api_handler()] - Registering Websocket JSON-RPC methods: printer.adxl345.dump_adxl345
2023-08-07 10:48:51,380 [app.py:register_remote_handler()] - Registering HTTP endpoint: (GET POST) /printer/pause_resume/cancel
2023-08-07 10:48:51,380 [websockets.py:register_api_handler()] - Registering Websocket JSON-RPC methods: printer.pause_resume.cancel
2023-08-07 10:48:51,380 [app.py:register_remote_handler()] - Registering HTTP endpoint: (GET POST) /printer/pause_resume/pause
2023-08-07 10:48:51,380 [websockets.py:register_api_handler()] - Registering Websocket JSON-RPC methods: printer.pause_resume.pause
2023-08-07 10:48:51,380 [app.py:register_remote_handler()] - Registering HTTP endpoint: (GET POST) /printer/pause_resume/resume
2023-08-07 10:48:51,380 [websockets.py:register_api_handler()] - Registering Websocket JSON-RPC methods: printer.pause_resume.resume
2023-08-07 10:48:51,380 [app.py:register_remote_handler()] - Registering HTTP endpoint: (GET POST) /printer/motion_report/dump_stepper
2023-08-07 10:48:51,381 [websockets.py:register_api_handler()] - Registering Websocket JSON-RPC methods: printer.motion_report.dump_stepper
2023-08-07 10:48:51,381 [app.py:register_remote_handler()] - Registering HTTP endpoint: (GET POST) /printer/query_endstops/status
2023-08-07 10:48:51,381 [websockets.py:register_api_handler()] - Registering Websocket JSON-RPC methods: printer.query_endstops.status
2023-08-07 10:48:51,381 [app.py:register_remote_handler()] - Registering HTTP endpoint: (GET POST) /printer/motion_report/dump_trapq
2023-08-07 10:48:51,381 [websockets.py:register_api_handler()] - Registering Websocket JSON-RPC methods: printer.motion_report.dump_trapq
2023-08-07 10:48:51,383 [klippy_connection.py:_request_initial_subscriptions()] - Webhooks Subscribed
2023-08-07 10:48:51,394 [klippy_connection.py:_request_initial_subscriptions()] - GCode Output Subscribed
2023-08-07 10:48:51,634 [job_state.py:_handle_started()] - Job state initialized: standby
2023-08-07 10:48:51,910 [klippy_connection.py:_check_ready()] - Klippy ready
2023-08-07 10:48:51,918 [authorization.py:_check_trusted_connection()] - Trusted Connection Detected, IP: 10.133.8.66
2023-08-07 10:48:51,920 [app.py:log_request()] - 101 GET /websocket (10.133.8.66) [_TRUSTED_USER_] 4.01ms
2023-08-07 10:48:51,921 [websockets.py:open()] - Websocket Opened: ID: 3876210384, Proxied: True, User Agent: Mozilla/5.0 (Windows NT 10.0; Win64; x64) AppleWebKit/537.36 (KHTML, like Gecko) Chrome/115.0.0.0 Safari/537.36, Host Name: vorongreen.hg.sensata.com
2023-08-07 10:48:51,925 [websockets.py:_handle_identify()] - Websocket 3876210384 Client Identified - Name: mainsail, Version: 2.6.2, Type: web
2023-08-07 10:48:52,277 [base_deploy.py:log_info()] - PackageKit: Detected 26 package updates:
bind9-host
bind9-libs
ffmpeg
libavcodec-dev
libavcodec58
libavdevice58
libavfilter7
libavformat-dev
libavformat58
libavresample4
libavutil-dev
libavutil56
libcamera-apps-lite
libcamera-dev
libcamera0
libgstreamer-plugins-base1.0-0
libpostproc55
libssl-dev
libssl1.1
libswresample-dev
libswresample3
libswscale5
libx11-data
openssl
python3-libcamera
python3-picamera2
2023-08-07 10:48:52,278 [base_deploy.py:log_info()] - Git Repo moonraker: Next refresh in: 1 Day, 4 Hours, 26 Minutes, 16 Seconds
2023-08-07 10:48:52,278 [base_deploy.py:log_info()] - Git Repo klipper: Next refresh in: 1 Day, 4 Hours, 25 Minutes, 41 Seconds
2023-08-07 10:48:52,327 [shell_command.py:_check_proc_success()] - Command (git -C /home/pi/klippain_config status --porcelain -b) successfully finished
2023-08-07 10:48:52,349 [shell_command.py:_check_proc_success()] - Command (git -C /home/pi/klippain_config branch --list --no-color) successfully finished
2023-08-07 10:48:52,373 [shell_command.py:_check_proc_success()] - Command (git -C /home/pi/klippain_config remote get-url origin) successfully finished
2023-08-07 10:48:52,409 [data_store.py:_init_sensors()] - Configuring available sensors: ['heater_bed', 'temperature_sensor RaspberryPi', 'temperature_sensor mcu', 'temperature_sensor Chamber', 'z_thermal_adjust', 'extruder']
2023-08-07 10:48:53,422 [shell_command.py:_check_proc_success()] - Command (git -C /home/pi/klippain_config fetch origin --prune --progress) successfully finished
2023-08-07 10:48:53,435 [shell_command.py:_check_proc_success()] - Command (git -C /home/pi/klippain_config merge-base --is-ancestor HEAD origin/main) successfully finished
2023-08-07 10:48:53,448 [shell_command.py:_check_proc_success()] - Command (git -C /home/pi/klippain_config rev-parse HEAD) successfully finished
2023-08-07 10:48:53,462 [shell_command.py:_check_proc_success()] - Command (git -C /home/pi/klippain_config describe --always --tags --long --dirty --abbrev=8) successfully finished
2023-08-07 10:48:53,480 [shell_command.py:_check_proc_success()] - Command (git -C /home/pi/klippain_config for-each-ref --count=100 --sort='-creatordate' --contains=HEAD --merged=origin/main --format='%(if)%(*objecttype)%(then)%(*objecttype) %(*objectname)%(else)%(objecttype) %(objectname)%(end) %(refname)' 'refs/tags') successfully finished
2023-08-07 10:48:53,494 [shell_command.py:_check_proc_success()] - Command (git -C /home/pi/klippain_config rev-list HEAD..67f6bb91b8e54ef516c7c6e724abe913f7c41dbb --count) successfully finished
2023-08-07 10:48:53,495 [git_deploy.py:log_repo_info()] - Git Repo Klippain Detected:
Owner: Frix-x
Repository Name: klippain
Path: /home/pi/klippain_config
Remote: origin
Branch: main
Remote URL: https://github.com/Frix-x/klippain.git
Recovery URL: https://github.com/Frix-x/klippain.git
Current Commit SHA: 67f6bb91b8e54ef516c7c6e724abe913f7c41dbb
Upstream Commit SHA: 67f6bb91b8e54ef516c7c6e724abe913f7c41dbb
Current Version: v4.0.1-0-g67f6bb91
Upstream Version: v4.0.1
Rollback Commit: 67f6bb91b8e54ef516c7c6e724abe913f7c41dbb
Rollback Branch: main
Rollback Version: v4.0.1-0-g67f6bb9
Is Dirty: False
Is Detached: False
Is Shallow: False
Commits Behind Count: 0
Diverged: False
2023-08-07 10:48:53,495 [base_deploy.py:log_info()] - Git Repo Klippain: Channel: beta
2023-08-07 10:48:53,496 [base_deploy.py:log_info()] - Git Repo Klippain: Validity check for git repo passed
2023-08-07 10:48:53,496 [base_deploy.py:log_info()] - Web Client mainsail: Next refresh in: 1 Day, 4 Hours, 25 Minutes, 51 Seconds
2023-08-07 10:48:53,524 [shell_command.py:_check_proc_success()] - Command (git -C /home/pi/klipper_tmc_autotune status --porcelain -b) successfully finished
2023-08-07 10:48:53,547 [shell_command.py:_check_proc_success()] - Command (git -C /home/pi/klipper_tmc_autotune branch --list --no-color) successfully finished
2023-08-07 10:48:53,570 [shell_command.py:_check_proc_success()] - Command (git -C /home/pi/klipper_tmc_autotune remote get-url origin) successfully finished
2023-08-07 10:48:54,198 [shell_command.py:_check_proc_success()] - Command (git -C /home/pi/klipper_tmc_autotune fetch origin --prune --progress) successfully finished
2023-08-07 10:48:54,210 [shell_command.py:_check_proc_success()] - Command (git -C /home/pi/klipper_tmc_autotune merge-base --is-ancestor HEAD origin/main) successfully finished
2023-08-07 10:48:54,223 [shell_command.py:_check_proc_success()] - Command (git -C /home/pi/klipper_tmc_autotune rev-parse HEAD) successfully finished
2023-08-07 10:48:54,238 [shell_command.py:_check_proc_success()] - Command (git -C /home/pi/klipper_tmc_autotune describe --always --tags --long --dirty --abbrev=8) successfully finished
2023-08-07 10:48:54,250 [shell_command.py:_check_proc_success()] - Command (git -C /home/pi/klipper_tmc_autotune rev-parse origin/main) successfully finished
2023-08-07 10:48:54,265 [shell_command.py:_check_proc_success()] - Command (git -C /home/pi/klipper_tmc_autotune describe origin/main --always --tags --long --abbrev=8) successfully finished
2023-08-07 10:48:54,278 [shell_command.py:_check_proc_success()] - Command (git -C /home/pi/klipper_tmc_autotune rev-list HEAD..31de1f7ead27313b1861bd9816ab2da09d167f90 --count) successfully finished
2023-08-07 10:48:54,279 [git_deploy.py:log_repo_info()] - Git Repo klipper_tmc_autotune Detected:
Owner: andrewmcgr
Repository Name: klipper_tmc_autotune
Path: /home/pi/klipper_tmc_autotune
Remote: origin
Branch: main
Remote URL: https://github.com/andrewmcgr/klipper_tmc_autotune.git
Recovery URL: https://github.com/andrewmcgr/klipper_tmc_autotune.git
Current Commit SHA: 31de1f7ead27313b1861bd9816ab2da09d167f90
Upstream Commit SHA: 31de1f7ead27313b1861bd9816ab2da09d167f90
Current Version: v0.2.0-77-g31de1f7e
Upstream Version: v0.2.0-77-g31de1f7e
Rollback Commit: 31de1f7ead27313b1861bd9816ab2da09d167f90
Rollback Branch: main
Rollback Version: v0.2.0-77-g31de1f7
Is Dirty: False
Is Detached: False
Is Shallow: False
Commits Behind Count: 0
Diverged: False
2023-08-07 10:48:54,279 [base_deploy.py:log_info()] - Git Repo klipper_tmc_autotune: Channel: dev
2023-08-07 10:48:54,279 [base_deploy.py:log_info()] - Git Repo klipper_tmc_autotune: Validity check for git repo passed
2023-08-07 10:48:54,279 [base_deploy.py:log_info()] - Git Repo KlipperScreen: Next refresh in: 1 Day, 6 Hours, 28 Minutes, 42 Seconds
2023-08-07 10:48:54,297 [shell_command.py:_check_proc_success()] - Command (git -C /home/pi/klipper-backup status --porcelain -b) successfully finished
2023-08-07 10:48:54,776 [update_manager.py:_handle_status_request()] - update_manager: bypassing refresh request
2023-08-07 10:48:54,833 [shell_command.py:_check_proc_success()] - Command (git -C /home/pi/klipper-backup branch --list --no-color) successfully finished
2023-08-07 10:48:54,855 [shell_command.py:_check_proc_success()] - Command (git -C /home/pi/klipper-backup remote get-url origin) successfully finished
2023-08-07 10:48:55,490 [shell_command.py:_check_proc_success()] - Command (git -C /home/pi/klipper-backup fetch origin --prune --progress) successfully finished
2023-08-07 10:48:55,503 [shell_command.py:_check_proc_success()] - Command (git -C /home/pi/klipper-backup merge-base --is-ancestor HEAD origin/main) successfully finished
2023-08-07 10:48:55,514 [shell_command.py:_check_proc_success()] - Command (git -C /home/pi/klipper-backup rev-parse HEAD) successfully finished
2023-08-07 10:48:55,528 [shell_command.py:_check_proc_success()] - Command (git -C /home/pi/klipper-backup describe --always --tags --long --dirty --abbrev=8) successfully finished
2023-08-07 10:48:55,540 [shell_command.py:_check_proc_success()] - Command (git -C /home/pi/klipper-backup rev-parse origin/main) successfully finished
2023-08-07 10:48:55,554 [shell_command.py:_check_proc_success()] - Command (git -C /home/pi/klipper-backup describe origin/main --always --tags --long --abbrev=8) successfully finished
2023-08-07 10:48:55,566 [shell_command.py:_check_proc_success()] - Command (git -C /home/pi/klipper-backup rev-list HEAD..a591ae31753faea30ecd30fb4deec4fa8d82115c --count) successfully finished
2023-08-07 10:48:55,567 [git_deploy.py:log_repo_info()] - Git Repo klipper-backup Detected:
Owner: Staubgeborener
Repository Name: klipper-backup
Path: /home/pi/klipper-backup
Remote: origin
Branch: main
Remote URL: https://github.com/Staubgeborener/klipper-backup
Recovery URL: https://github.com/Staubgeborener/klipper-backup
Current Commit SHA: a591ae31753faea30ecd30fb4deec4fa8d82115c
Upstream Commit SHA: a591ae31753faea30ecd30fb4deec4fa8d82115c
Current Version: 0.3.4-5-ga591ae31-dirty
Upstream Version: 0.3.4-5-ga591ae31
Rollback Commit: a591ae31753faea30ecd30fb4deec4fa8d82115c
Rollback Branch: main
Rollback Version: 0.3.4-5-ga591ae31-dirty
Is Dirty: True
Is Detached: False
Is Shallow: False
Commits Behind Count: 0
Diverged: False
Repo Warnings:
  Repo is dirty.  Detected the following modifed files: ['.env.example', 'README.md', 'install.sh', 'script.sh']
2023-08-07 10:48:55,567 [base_deploy.py:log_info()] - Git Repo klipper-backup: Channel: dev
2023-08-07 10:48:55,567 [base_deploy.py:log_info()] - Git Repo klipper-backup: Repo validation check failed, updates disabled
2023-08-07 10:48:56,901 [authorization.py:_check_trusted_connection()] - Trusted Connection Detected, IP: 127.0.0.1
2023-08-07 10:48:56,926 [app.py:log_request()] - 101 GET /websocket?token=UCCBJEGT54SLAT4ZCPU2UFAS7ZA5BNVO (127.0.0.1) [_TRUSTED_USER_] 2.13ms
2023-08-07 10:48:56,927 [websockets.py:open()] - Websocket Opened: ID: 3876266192, Proxied: False, User Agent: , Host Name: 127.0.0.1
2023-08-07 10:48:56,954 [app.py:log_request()] - 404 GET /machine/device_power/devices (127.0.0.1) [No User] 2.81ms
2023-08-07 10:48:57,602 [file_manager.py:get_file_list()] - Updating File List <gcodes>...
2023-08-07 10:49:31,251 [base_deploy.py:log_info()] - Git Repo klipper-backup: No packages found in script: /home/pi/klipper-backup/install.sh
2023-08-07 10:49:31,283 [shell_command.py:_check_proc_success()] - Command (git -C /home/pi/klipper-backup merge-base --is-ancestor a591ae31753faea30ecd30fb4deec4fa8d82115c origin/main) successfully finished
2023-08-07 10:49:31,302 [shell_command.py:_check_proc_success()] - Command (git -C /home/pi/klipper-backup checkout -q -- .) successfully finished
2023-08-07 10:49:31,318 [shell_command.py:_check_proc_success()] - Command (git -C /home/pi/klipper-backup checkout -q main) successfully finished
2023-08-07 10:49:31,335 [shell_command.py:_check_proc_success()] - Command (git -C /home/pi/klipper-backup reset --hard a591ae31753faea30ecd30fb4deec4fa8d82115c) successfully finished
2023-08-07 10:49:31,350 [shell_command.py:_check_proc_success()] - Command (git -C /home/pi/klipper-backup status --porcelain -b) successfully finished
2023-08-07 10:49:31,374 [shell_command.py:_check_proc_success()] - Command (git -C /home/pi/klipper-backup branch --list --no-color) successfully finished
2023-08-07 10:49:31,396 [shell_command.py:_check_proc_success()] - Command (git -C /home/pi/klipper-backup remote get-url origin) successfully finished
2023-08-07 10:49:31,929 [shell_command.py:_check_proc_success()] - Command (git -C /home/pi/klipper-backup fetch origin --prune --progress) successfully finished
2023-08-07 10:49:31,941 [shell_command.py:_check_proc_success()] - Command (git -C /home/pi/klipper-backup merge-base --is-ancestor HEAD origin/main) successfully finished
2023-08-07 10:49:31,954 [shell_command.py:_check_proc_success()] - Command (git -C /home/pi/klipper-backup rev-parse HEAD) successfully finished
2023-08-07 10:49:31,968 [shell_command.py:_check_proc_success()] - Command (git -C /home/pi/klipper-backup describe --always --tags --long --dirty --abbrev=8) successfully finished
2023-08-07 10:49:31,981 [shell_command.py:_check_proc_success()] - Command (git -C /home/pi/klipper-backup rev-parse origin/main) successfully finished
2023-08-07 10:49:31,994 [shell_command.py:_check_proc_success()] - Command (git -C /home/pi/klipper-backup describe origin/main --always --tags --long --abbrev=8) successfully finished
2023-08-07 10:49:32,007 [shell_command.py:_check_proc_success()] - Command (git -C /home/pi/klipper-backup rev-list HEAD..a591ae31753faea30ecd30fb4deec4fa8d82115c --count) successfully finished
2023-08-07 10:49:32,009 [git_deploy.py:log_repo_info()] - Git Repo klipper-backup Detected:
Owner: Staubgeborener
Repository Name: klipper-backup
Path: /home/pi/klipper-backup
Remote: origin
Branch: main
Remote URL: https://github.com/Staubgeborener/klipper-backup
Recovery URL: https://github.com/Staubgeborener/klipper-backup
Current Commit SHA: a591ae31753faea30ecd30fb4deec4fa8d82115c
Upstream Commit SHA: a591ae31753faea30ecd30fb4deec4fa8d82115c
Current Version: 0.3.4-5-ga591ae31
Upstream Version: 0.3.4-5-ga591ae31
Rollback Commit: a591ae31753faea30ecd30fb4deec4fa8d82115c
Rollback Branch: main
Rollback Version: 0.3.4-5-ga591ae31-dirty
Is Dirty: False
Is Detached: False
Is Shallow: False
Commits Behind Count: 0
Diverged: False
2023-08-07 10:49:32,009 [base_deploy.py:log_info()] - Git Repo klipper-backup: Channel: dev
2023-08-07 10:49:32,009 [base_deploy.py:log_info()] - Git Repo klipper-backup: Validity check for git repo passed
2023-08-07 10:49:32,016 [base_deploy.py:log_info()] - Git Repo klipper-backup: No packages found in script: /home/pi/klipper-backup/install.sh
2023-08-07 11:04:58,183 [app.py:prepare()] - Upload Request Received from 10.133.8.66
2023-08-07 11:04:58,186 [app.py:post()] - Processing Uploaded File: update_git.cfg
2023-08-07 11:04:58,200 [app.py:log_request()] - 201 POST /server/files/upload (10.133.8.66) [_TRUSTED_USER_] 18.72ms
2023-08-07 11:05:04,083 [app.py:prepare()] - Upload Request Received from 10.133.8.66
2023-08-07 11:05:04,091 [app.py:post()] - Processing Uploaded File: update_git.cfg
2023-08-07 11:05:04,105 [app.py:log_request()] - 201 POST /server/files/upload (10.133.8.66) [_TRUSTED_USER_] 24.51ms
2023-08-07 11:05:17,840 [app.py:prepare()] - Upload Request Received from 10.133.8.66
2023-08-07 11:05:17,843 [app.py:post()] - Processing Uploaded File: overrides.cfg
2023-08-07 11:05:17,850 [app.py:log_request()] - 201 POST /server/files/upload (10.133.8.66) [_TRUSTED_USER_] 10.84ms
2023-08-07 11:05:18,916 [klippy_connection.py:_on_connection_closed()] - Klippy Connection Removed
2023-08-07 11:05:20,175 [klippy_connection.py:_do_connect()] - Klippy Connection Established
2023-08-07 11:05:21,912 [app.py:log_request()] - 404 GET /machine/device_power/devices (127.0.0.1) [No User] 3.85ms
2023-08-07 11:05:22,875 [file_manager.py:get_file_list()] - Updating File List <gcodes>...
2023-08-07 11:05:24,219 [klippy_connection.py:_request_initial_subscriptions()] - Webhooks Subscribed
2023-08-07 11:05:24,223 [klippy_connection.py:_request_initial_subscriptions()] - GCode Output Subscribed
2023-08-07 11:05:24,479 [job_state.py:_handle_started()] - Job state initialized: standby
2023-08-07 11:05:24,743 [klippy_connection.py:_check_ready()] - Klippy ready
2023-08-07 11:05:25,240 [data_store.py:_init_sensors()] - Configuring available sensors: ['heater_bed', 'temperature_sensor RaspberryPi', 'temperature_sensor mcu', 'temperature_sensor Chamber', 'z_thermal_adjust', 'extruder']
2023-08-07 11:06:29,252 [klippy_connection.py:wait()] - Request 'gcode/script' pending: 60.00 seconds
